INFO : 
Page: https://www.grofit.eu/
INFO : Subpage:https://www.grofit.eu//fonts.gstatic.com/s/poppins/v5/9VWMTeb5jtXkNoTv949Npfk_vArhqVIZ0nv9q090hN8.woff2
INFO : Subpage:https://www.grofit.eu/contact
INFO : Subpage:https://www.grofit.eu/cookies
INFO : Subpage:https://www.grofit.eu/partners
INFO : Subpage:https://www.grofit.eu/privacy
INFO : Subpage: https://www.grofit.eu/privacy ; E-mails: ['hi@grofit.eu']
INFO : Subpage:https://www.grofit.eu/impact-investing
INFO : Subpage:https://www.grofit.eu/blog-feed.xml
INFO : Subpage:https://www.grofit.eu/blog
INFO : Subpage:https://www.grofit.eu/why-impact-invest-now
INFO : Site: https://www.grofit.eu/ ; e-mails: {'hi@grofit.eu'} ; phone numbers: set()
INFO : 
Page: https://www.corrosionradar.com/
INFO : Subpage:https://www.corrosionradar.com/products
INFO : Subpage:https://www.corrosionradar.com/technology
INFO : Subpage:https://www.corrosionradar.com//fonts.gstatic.com/s/raleway/v26/1Ptsg8zYS_SKggPNyCg4QIFqL_KWxWMT.woff2
INFO : Subpage:https://www.corrosionradar.com/contact
INFO : Subpage: https://www.corrosionradar.com/contact ; Phone numbers: ['+441223608861']
INFO : Subpage:https://www.corrosionradar.com/applications
INFO : Subpage:https://www.corrosionradar.com/blog-feed.xml
INFO : Subpage: https://www.corrosionradar.com/blog-feed.xml ; E-mails: ['hr@corrosionradar.com', 'info@corrosionradar.com', 'rosenshine@corrosionradar.com']
INFO : Subpage:https://www.corrosionradar.com/careers
INFO : Subpage: https://www.corrosionradar.com/careers ; E-mails: ['hr@corrosionradar.com']
INFO : Subpage:https://www.corrosionradar.com/newsarchive
INFO : Subpage:https://www.corrosionradar.com/people-1
INFO : Subpage:https://www.corrosionradar.com/events
INFO : Subpage: https://www.corrosionradar.com/events ; E-mails: ['info@corrosionradar.com']
INFO : Subpage:https://www.corrosionradar.com/news
INFO : Site: https://www.corrosionradar.com/ ; e-mails: {'hr@corrosionradar.com', 'info@corrosionradar.com', 'rosenshine@corrosionradar.com'} ; phone numbers: {'+441223608861'}
INFO : 
Page: https://www.codioimpact.com/
INFO : Subpage:https://www.codioimpact.com/imprint
INFO : Subpage: https://www.codioimpact.com/imprint ; E-mails: ['info@codioimpact.com']
INFO : Subpage: https://www.codioimpact.com/imprint ; Phone numbers: ['+491713186381']
INFO : Subpage:https://www.codioimpact.com/en-blog/why-materiality-analyses-are-so-important-for-companies
INFO : Subpage:https://www.codioimpact.com/en-blog/5-new-requirements-for-sustainability-reporting-in-2022
INFO : Subpage:https://www.codioimpact.com/en-blog/5-new-requirements-for-sustainability-reporting-in-2022
INFO : Subpage:https://www.codioimpact.com/en-blog/guide-german-supply-chain-law
INFO : Subpage:https://www.codioimpact.com/about-us
INFO : Subpage: https://www.codioimpact.com/about-us ; E-mails: ['jobs@codioimpact.com']
INFO : Subpage:https://www.codioimpact.com/supply-chain-act
INFO : Subpage:https://www.codioimpact.com/request-demo
INFO : Subpage:https://www.codioimpact.com/privacy-policy
INFO : Subpage: https://www.codioimpact.com/privacy-policy ; E-mails: ['sonja@codioimpact.com', 'tilman@codioimpact.com', 'info@codioimpact.com']
