INFO : 
Page: https://www.grofit.eu/
INFO : initializing identifier
INFO : site language: en
INFO : ['Connecting impact investors with sustainable energy projects', 'Projects we are looking to crowdfund', 'Solar energy', 'Wind energy', 'Energy efficiency', None, "Don't miss out! Subscribe now:"]
INFO : 
Page: https://www.corrosionradar.com/
INFO : site language: en
INFO : [None, 'The Corrosion Under Insulation Solution', 'PREDICT', 'CONNECT', 'DETECT', None, None, 'RISK', 'COST', 'Find out more about CorrosionRADAR', None, None]
INFO : 
Page: https://www.codioimpact.com/
INFO : site language: en
INFO : ['This website uses cookies', '[#IABV2_TITLE#]', None, 'Are you prepared for the new Supply Chain\xa0Act?', None, None, None, None, 'Do you want to see more?', '5 New Requirements for Sustainability Reporting in 2022', 'Why Materiality Analyses are so Important for Companies', 'The German Supply Chain Act - Our Guide & What You Need to Know', 'Our trusted partners', 'Contact us', 'Navigation', 'Social', 'Company']
INFO : 
Page: https://app.wasteout.ru/
INFO : site language: ru
INFO : alternate_urls: ['https://app.wasteout.en', 'https://app.wasteout.ru//en']
INFO : []
INFO : 
Page: https://www.agrionica.com/
INFO : site language: bg
INFO : alternate_urls: ['https://www.agrionica.en', 'https://www.agrionica.com//en']
INFO : ['\u041d\u0435\u0434\u043e\u0441\u0442\u0430\u0442\u043e\u0447\u043d\u043e \u0441\u0440\u0435\u0434\u0441\u0442\u0432 \u043d\u0430 \u0430\u043a\u043a\u0430\u0443\u043d\u0442\u0435']
INFO : 
Page: https://www.cyberquant.org/
INFO : site language: en
INFO : ['Take control of \u2028your cyber security.', 'Strategically.', '593', 'Cyberattacks worldwide today', "Don't just react. Prevent them.", 'Did you know that 91% of cyberattacks begin with a spear phishing email?', 'Gain a global perspective', 'Approach the issue from all the important angles', None, 'Choose the perfect solution for your business', 'Get the assistance you need', 'Choose the perfect solution for your business', 'Platform (SEPP)', 'Consulting', 'Raising your digital security score', 'See how it can be done', 'What our clients are saying', 'They trusted us', 'Our certificates', 'As education is one of our core values, we always keep learning', 'Wondering how our cyber security solutions would work for your business?', 'Our experts will gladly answer your questions.', 'They trusted us', 'Send us a message']
INFO : 
Page: https://plumetec.it/
INFO : site language: it
INFO : alternate_urls: ['https://plumetec.en', 'https://plumetec.it//en']
INFO : ['SVILUPPO', 'TRASFERIMENTO TECNOLOGICO', 'TRASFORMAZIONE MATERIALI', 'SVILUPPO', 'TRASFERIMENTO TECNOLOGICO', 'NUOVI MATERIALI', None, 'FILTRAZIONE', None, 'FLESSIBILI', None, 'TESSILE', 'FILTRAZIONE', None, 'FLESSIBILI', None, 'TESSILE', None, 'CONSULENZA AZIENDE', 'RICERCA & SVILUPPO', 'DIVULGAZIONE', 'CONSULENZA AZIENDE', 'RICERCA & SVILUPPO', 'DIVULGAZIONE', 'CONTATTATECI', 'Privacy Overview']
INFO : 
Page: https://www.ilovesnacks.co.uk/
INFO : site language: en
INFO : [None, 'Snacks For Every Occasion', 'WHENEVER AND WHEREVER YOU ARE!', "we've got you covered!", '100% Natural\n', "Insanely delicious - What's not to love!\n", 'Infinitely\n\n', 'Recyclable & Reusable', 'Stock up on your favourites!', 'Shop', 'About', 'Customer Service', 'Copyright © 2020 iLove Snacks. All rights reserved.', 'Excellent Gourmet Trading Ltd | Company registration number: 09178679 | VAT number: 197624269', 'Privacy Overview']
INFO : 
Page: https://www.tukea.de/
INFO : site language: de
INFO : alternate_urls: ['https://www.tukea.en', 'https://www.tukea.de//en']
INFO : ['TUKEA\xa0', 'Was ist TUKEA?', 'Unsere Vision', 'Was passiert gerade bei uns?', 'Wer wir sind', 'Juliane Bock', 'Louise Unger', 'Cookie-Richtlinie']
INFO : 
Page: https://www.birch.earth/
INFO : site language: en
INFO : [None, None, None, 'All carbon credits listed for sale via the marketplace are 100% verified and registered on public carbon registries.', 'Buy directly from trusted developers ', 'Our marketplace allows businesses and individuals to purchase carbon credits directly from project developers, saving huge amounts in transaction fees.', 'How it works', 'Shop Carbon Credits', 'Retire Your Offsets', 'Track, Export, Share', 'Create an account', 'Basic account', 'Free', 'Professional account', 'Coming soon', 'Enterprise account', 'Coming soon', 'Privacy Overview']
