INFO : 
Page: https://www.grofit.eu/
INFO : site language: en
INFO : 
Page: https://www.corrosionradar.com/
INFO : site language: en
INFO : 
Page: https://www.codioimpact.com/
INFO : site language: en
INFO : 
Page: https://app.wasteout.ru/
INFO : site language: ru
INFO : alternate_urls: ['https://app.wasteout.en', 'https://app.wasteout.ru/en']
INFO : 
Page: https://www.agrionica.com/
INFO : site language: bg
INFO : alternate_urls: ['https://www.agrionica.en', 'https://www.agrionica.com/en']
INFO : 
Page: https://www.cyberquant.org/
INFO : site language: en
INFO : 
Page: https://plumetec.it/
INFO : site language: it
INFO : alternate_urls: ['https://plumetec.en', 'https://plumetec.it/en']
INFO : 
Page: https://www.ilovesnacks.co.uk/
INFO : site language: en
INFO : 
Page: https://www.tukea.de/
INFO : site language: de
INFO : alternate_urls: ['https://www.tukea.en', 'https://www.tukea.de/en']
INFO : 
Page: https://www.birch.earth/
INFO : site language: en
INFO : Time elapsed=76.64
