INFO : 
Page: https://www.grofit.eu/
INFO : Subpage:https://www.grofit.eu/partners
INFO : Subpage:https://www.grofit.eu/blog
INFO : Subpage:https://www.grofit.eu/cookies
INFO : Subpage:https://www.grofit.eu/why-impact-invest-now
INFO : Subpage:https://www.grofit.eu/impact-investing
INFO : Subpage:https://www.grofit.eu/privacy
INFO : Subpage: https://www.grofit.eu/privacy ; E-mails: ['hi@grofit.eu']
INFO : Subpage:https://www.grofit.eu/contact
INFO : Subpage:https://www.grofit.eu//fonts.gstatic.com/s/poppins/v5/9VWMTeb5jtXkNoTv949Npfk_vArhqVIZ0nv9q090hN8.woff2
INFO : Site: https://www.grofit.eu/ ; e-mails: {'hi@grofit.eu'} ; phone numbers: set() ; contact_pages: ['https://www.grofit.eu/contact'] ; legal_pages: ['https://www.grofit.eu/privacy'] ; about_us_pages: []
INFO : 
Page: https://www.corrosionradar.com/
INFO : Subpage:https://www.corrosionradar.com/products
INFO : Subpage:https://www.corrosionradar.com/careers
INFO : Subpage: https://www.corrosionradar.com/careers ; E-mails: ['hr@corrosionradar.com']
INFO : Subpage:https://www.corrosionradar.com//fonts.gstatic.com/s/raleway/v26/1Ptsg8zYS_SKggPNyCg4QIFqL_KWxWMT.woff2
INFO : Subpage:https://www.corrosionradar.com/news
INFO : Subpage:https://www.corrosionradar.com/people-1
INFO : Subpage:https://www.corrosionradar.com/technology
INFO : Subpage:https://www.corrosionradar.com/applications
INFO : Subpage:https://www.corrosionradar.com/contact
INFO : Subpage: https://www.corrosionradar.com/contact ; Phone numbers: ['+441223608861']
INFO : Subpage:https://www.corrosionradar.com/events
INFO : Subpage: https://www.corrosionradar.com/events ; E-mails: ['info@corrosionradar.com']
INFO : Subpage:https://www.corrosionradar.com/newsarchive
INFO : Site: https://www.corrosionradar.com/ ; e-mails: {'info@corrosionradar.com', 'hr@corrosionradar.com'} ; phone numbers: {'+441223608861'} ; contact_pages: ['https://www.corrosionradar.com/contact'] ; legal_pages: [] ; about_us_pages: []
INFO : 
Page: https://www.codioimpact.com/
INFO : Subpage:https://www.codioimpact.com/privacy-policy
INFO : Subpage: https://www.codioimpact.com/privacy-policy ; E-mails: ['sonja@codioimpact.com', 'tilman@codioimpact.com', 'info@codioimpact.com']
INFO : Subpage:https://www.codioimpact.com/en-blog/why-materiality-analyses-are-so-important-for-companies
INFO : Subpage:https://www.codioimpact.com/contact
INFO : Subpage: https://www.codioimpact.com/contact ; E-mails: ['info@codioimpact.com']
INFO : Subpage: https://www.codioimpact.com/contact ; Phone numbers: ['+491713186381']
INFO : Subpage:https://www.codioimpact.com/about-us
INFO : Subpage: https://www.codioimpact.com/about-us ; E-mails: ['jobs@codioimpact.com']
INFO : Subpage:https://www.codioimpact.com/request-demo
INFO : Subpage:https://www.codioimpact.com/supply-chain-act
INFO : Subpage:https://www.codioimpact.com/imprint
INFO : Subpage: https://www.codioimpact.com/imprint ; E-mails: ['info@codioimpact.com']
INFO : Subpage: https://www.codioimpact.com/imprint ; Phone numbers: ['+491713186381']
INFO : Subpage:https://www.codioimpact.com/de
INFO : Subpage:https://www.codioimpact.com/en-blog/5-new-requirements-for-sustainability-reporting-in-2022
INFO : Subpage:https://www.codioimpact.com/en-blog/5-new-requirements-for-sustainability-reporting-in-2022
INFO : Subpage:https://www.codioimpact.com/en-blog/guide-german-supply-chain-law
INFO : Site: https://www.codioimpact.com/ ; e-mails: {'sonja@codioimpact.com', 'tilman@codioimpact.com', 'info@codioimpact.com', 'jobs@codioimpact.com'} ; phone numbers: {'+491713186381'} ; contact_pages: ['https://www.codioimpact.com//contact'] ; legal_pages: ['https://www.codioimpact.com//privacy-policy'] ; about_us_pages: ['https://www.codioimpact.com//about-us']
INFO : 
Page: https://app.wasteout.ru/
INFO : Subpage:https://app.wasteout.ru/web/prop
INFO : Subpage:https://app.wasteout.ru/web/help
INFO : Subpage:https://app.wasteout.ru/web/
INFO : Subpage:https://app.wasteout.ru/web/pswdrecover
INFO : Subpage:https://app.wasteout.ru/web/restpoints/
INFO : Subpage:https://app.wasteout.ru/web/plan/workdays
INFO : Subpage:https://app.wasteout.ru/web/dictionarys
INFO : Subpage:https://app.wasteout.ru/web/overview/
INFO : Site: https://app.wasteout.ru/ ; e-mails: set() ; phone numbers: set() ; contact_pages: [] ; legal_pages: [] ; about_us_pages: []
INFO : 
Page: https://www.agrionica.com/
INFO : Site: https://www.agrionica.com/ ; e-mails: set() ; phone numbers: set() ; contact_pages: [] ; legal_pages: [] ; about_us_pages: []
INFO : 
Page: https://www.cyberquant.org/
INFO : Subpage:https://www.cyberquant.org/solutions/
INFO : Subpage: https://www.cyberquant.org/solutions/ ; E-mails: ['contact@cyberquant.com']
INFO : Subpage: https://www.cyberquant.org/solutions/ ; Phone numbers: ['+48574121782', '+48606933102']
INFO : Subpage:https://www.cyberquant.org/privacy-policy
INFO : Subpage: https://www.cyberquant.org/privacy-policy ; E-mails: ['contact@cyberquant.com', 'kontakt@spacedigitalgroup.com']
INFO : Subpage: https://www.cyberquant.org/privacy-policy ; Phone numbers: ['+48574121782', '+48606933102']
INFO : Subpage:https://www.cyberquant.org/platform/
INFO : Subpage: https://www.cyberquant.org/platform/ ; E-mails: ['contact@cyberquant.com']
INFO : Subpage: https://www.cyberquant.org/platform/ ; Phone numbers: ['+48574121782', '+48606933102']
INFO : Subpage:https://www.cyberquant.org/blog-archive/
INFO : Subpage: https://www.cyberquant.org/blog-archive/ ; E-mails: ['contact@cyberquant.com']
INFO : Subpage: https://www.cyberquant.org/blog-archive/ ; Phone numbers: ['+48574121782', '+48606933102']
INFO : Subpage:https://www.cyberquant.org/wp-content/themes/herodot/favicon.ico
INFO : Subpage:https://www.cyberquant.org/
INFO : Subpage: https://www.cyberquant.org/ ; E-mails: ['contact@cyberquant.com']
INFO : Subpage: https://www.cyberquant.org/ ; Phone numbers: ['+48574121782', '+48606933102']
INFO : Subpage:https://www.cyberquant.org//s.w.org
INFO : Subpage: https://www.cyberquant.org//s.w.org ; E-mails: ['contact@cyberquant.com']
INFO : Subpage: https://www.cyberquant.org//s.w.org ; Phone numbers: ['+48574121782', '+48606933102']
INFO : Subpage:https://www.cyberquant.org/vip-protection-programme/
INFO : Subpage: https://www.cyberquant.org/vip-protection-programme/ ; E-mails: ['contact@cyberquant.com']
INFO : Subpage: https://www.cyberquant.org/vip-protection-programme/ ; Phone numbers: ['+48574121782', '+48606933102']
INFO : Subpage:https://www.cyberquant.org/privacy-policy/
INFO : Subpage: https://www.cyberquant.org/privacy-policy/ ; E-mails: ['contact@cyberquant.com', 'kontakt@spacedigitalgroup.com']
INFO : Subpage: https://www.cyberquant.org/privacy-policy/ ; Phone numbers: ['+48574121782', '+48606933102']
INFO : Site: https://www.cyberquant.org/ ; e-mails: {'contact@cyberquant.com', 'kontakt@spacedigitalgroup.com'} ; phone numbers: {'+48574121782', '+48606933102'} ; contact_pages: [] ; legal_pages: ['https://www.cyberquant.org//privacy-policy', 'https://www.cyberquant.org/privacy-policy/'] ; about_us_pages: []
INFO : 
Page: https://plumetec.it/
INFO : Subpage:https://plumetec.it//www.google.com
INFO : Subpage:https://plumetec.it/flessibili-trattamento-film-plasma-freddo-funzionalizzazione-superfici
INFO : Subpage:https://plumetec.it/servizi-ricerca-sviluppo-consulenza-formazione-divulgazione-plasma-freddo/#consulenzaAziende
INFO : Subpage:https://plumetec.it/en
INFO : Subpage:https://plumetec.it/chi-siamo-mission-aziendale
INFO : Subpage:https://plumetec.it//s.w.org
INFO : Subpage:https://plumetec.it/
INFO : Subpage:https://plumetec.it/tessile-trattamento-plasma-funzionalizzazione-tessuti
INFO : Subpage:https://plumetec.it/privacy-cookies-policy
INFO : Subpage: https://plumetec.it/privacy-cookies-policy ; E-mails: ['srl@legalmail.it']
INFO : Subpage: https://plumetec.it/privacy-cookies-policy ; Phone numbers: ['2105159']
INFO : Subpage:https://plumetec.it/servizi-ricerca-sviluppo-consulenza-formazione-divulgazione-plasma-freddo/#divulgazione
INFO : Subpage:https://plumetec.it/servizi-ricerca-sviluppo-consulenza-formazione-divulgazione-plasma-freddo/#ricercaSviluppo
INFO : Subpage:https://plumetec.it/contatti-informazioni-servizi-tecnologia-plasma
INFO : Subpage: https://plumetec.it/contatti-informazioni-servizi-tecnologia-plasma ; Phone numbers: ['+390264482314', '+390264482393', '+390264482391']
INFO : Subpage:https://plumetec.it/disclaimer-contenuti-immagini-note-legali/
INFO : Subpage:https://plumetec.it/privacy-cookies-policy/
INFO : Subpage: https://plumetec.it/privacy-cookies-policy/ ; E-mails: ['srl@legalmail.it']
INFO : Subpage: https://plumetec.it/privacy-cookies-policy/ ; Phone numbers: ['2105159']
INFO : Subpage:https://plumetec.it/flessibili-trattamento-film-plasma-freddo-funzionalizzazione-superfici/
INFO : Subpage:https://plumetec.it/filtrazione-plasma-freddo-filtranti-flessibili/
INFO : Subpage:https://plumetec.it/contatti-informazioni-servizi-tecnologia-plasma/#modulo_contatto
INFO : Subpage: https://plumetec.it/contatti-informazioni-servizi-tecnologia-plasma/#modulo_contatto ; Phone numbers: ['+390264482314', '+390264482393', '+390264482391']
INFO : Subpage:https://plumetec.it/notizie/inaugurato-nuovo-sito-plumetec-svelato-logo-plume-srl.html
INFO : Subpage:https://plumetec.it/tessile-trattamento-plasma-funzionalizzazione-tessuti/
INFO : Subpage:https://plumetec.it/tecnologia-plasma-freddo-supersonico-atmosferico-in-vuoto
INFO : Subpage:https://plumetec.it/strumenti-privacy
INFO : Subpage:https://plumetec.it/eventi-news-tecnologia-plasma-freddo
INFO : Subpage:https://plumetec.it/mappa-sito-alta-tecnologia-plasma-freddo
INFO : Subpage:https://plumetec.it//fonts.googleapis.com
INFO : Subpage:https://plumetec.it/filtrazione-plasma-freddo-filtranti-flessibili
INFO : Subpage:https://plumetec.it/servizi-ricerca-sviluppo-consulenza-formazione-divulgazione-plasma-freddo
INFO : Subpage:https://plumetec.it//s.w.org
INFO : Subpage:https://plumetec.it//www.google.com
INFO : Subpage:https://plumetec.it//fonts.googleapis.com
INFO : Site: https://plumetec.it/ ; e-mails: {'srl@legalmail.it'} ; phone numbers: {'+390264482393', '+390264482391', '+390264482314', '2105159'} ; contact_pages: ['https://plumetec.it/contatti-informazioni-servizi-tecnologia-plasma', 'https://plumetec.it/contatti-informazioni-servizi-tecnologia-plasma/#modulo_contatto'] ; legal_pages: ['https://plumetec.it/privacy-cookies-policy', 'https://plumetec.it/disclaimer-contenuti-immagini-note-legali/', 'https://plumetec.it/privacy-cookies-policy/', 'https://plumetec.it/strumenti-privacy'] ; about_us_pages: ['https://plumetec.it/chi-siamo-mission-aziendale']
INFO : 
Page: https://www.ilovesnacks.co.uk/
INFO : Subpage:https://www.ilovesnacks.co.uk/
INFO : Subpage: https://www.ilovesnacks.co.uk/ ; Phone numbers: ['09178679', '197624269']
INFO : Subpage:https://www.ilovesnacks.co.uk/legal-information/
INFO : Subpage: https://www.ilovesnacks.co.uk/legal-information/ ; E-mails: ['office@ilovesnacks.co.uk']
INFO : Subpage: https://www.ilovesnacks.co.uk/legal-information/ ; Phone numbers: ['09178679', '197624269']
INFO : Subpage:https://www.ilovesnacks.co.uk//s.w.org
INFO : Subpage: https://www.ilovesnacks.co.uk//s.w.org ; Phone numbers: ['09178679', '197624269']
INFO : Subpage:https://www.ilovesnacks.co.uk/about/
INFO : Subpage: https://www.ilovesnacks.co.uk/about/ ; Phone numbers: ['09178679', '197624269']
INFO : Subpage:https://www.ilovesnacks.co.uk/comments/feed/
INFO : Subpage:https://www.ilovesnacks.co.uk/shop/
INFO : Subpage: https://www.ilovesnacks.co.uk/shop/ ; Phone numbers: ['09178679', '197624269']
INFO : Subpage:https://www.ilovesnacks.co.uk/terms-conditions/
INFO : Subpage: https://www.ilovesnacks.co.uk/terms-conditions/ ; E-mails: ['office@ilovesnacks.co.uk']
INFO : Subpage: https://www.ilovesnacks.co.uk/terms-conditions/ ; Phone numbers: ['197624269', '09178679', '197624269']
INFO : Subpage:https://www.ilovesnacks.co.uk/feed/
INFO : Subpage:https://www.ilovesnacks.co.uk/privacy-policy/
INFO : Subpage: https://www.ilovesnacks.co.uk/privacy-policy/ ; E-mails: ['info@ilovesnacks.co.uk']
INFO : Subpage: https://www.ilovesnacks.co.uk/privacy-policy/ ; Phone numbers: ['09178679', '197624269']
INFO : Subpage:https://www.ilovesnacks.co.uk/contact/
INFO : Subpage: https://www.ilovesnacks.co.uk/contact/ ; E-mails: ['info@ilovesnacks.co.uk']
INFO : Subpage: https://www.ilovesnacks.co.uk/contact/ ; Phone numbers: ['09178679', '197624269']
INFO : Subpage:https://www.ilovesnacks.co.uk//www.dwin1.com
INFO : Subpage: https://www.ilovesnacks.co.uk//www.dwin1.com ; Phone numbers: ['09178679', '197624269']
INFO : Subpage:https://www.ilovesnacks.co.uk//fonts.googleapis.com
INFO : Subpage: https://www.ilovesnacks.co.uk//fonts.googleapis.com ; Phone numbers: ['09178679', '197624269']
INFO : Site: https://www.ilovesnacks.co.uk/ ; e-mails: {'info@ilovesnacks.co.uk', 'office@ilovesnacks.co.uk'} ; phone numbers: {'09178679', '197624269'} ; contact_pages: ['https://www.ilovesnacks.co.uk/contact/'] ; legal_pages: ['https://www.ilovesnacks.co.uk/legal-information/', 'https://www.ilovesnacks.co.uk/terms-conditions/', 'https://www.ilovesnacks.co.uk/privacy-policy/'] ; about_us_pages: ['https://www.ilovesnacks.co.uk/about/']
INFO : 
Page: https://www.tukea.de/
INFO : Subpage:https://www.tukea.de/testkundin-werden/
INFO : Subpage: https://www.tukea.de/testkundin-werden/ ; E-mails: ['info@tukea.de']
INFO : Subpage:https://www.tukea.de/impressum/
INFO : Subpage: https://www.tukea.de/impressum/ ; E-mails: ['info@tukea.de']
INFO : Subpage:https://www.tukea.de/cookie-einstellungen/
INFO : Subpage: https://www.tukea.de/cookie-einstellungen/ ; E-mails: ['info@tukea.de']
INFO : Subpage:https://www.tukea.de/datenschutz/
INFO : Subpage: https://www.tukea.de/datenschutz/ ; E-mails: ['datenschutz@jimdo.com', 'info@tukea.de', 'Datenschutz@jimdo.com']
INFO : Subpage:https://www.tukea.de/testkundin-werden/
INFO : Subpage: https://www.tukea.de/testkundin-werden/ ; E-mails: ['info@tukea.de']
INFO : Subpage:https://www.tukea.de/impressum/
INFO : Subpage: https://www.tukea.de/impressum/ ; E-mails: ['info@tukea.de']
INFO : Subpage:https://www.tukea.de/cookie-einstellungen/
INFO : Subpage: https://www.tukea.de/cookie-einstellungen/ ; E-mails: ['info@tukea.de']
INFO : Subpage:https://www.tukea.de/datenschutz/
INFO : Subpage: https://www.tukea.de/datenschutz/ ; E-mails: ['datenschutz@jimdo.com', 'info@tukea.de', 'Datenschutz@jimdo.com']
INFO : Site: https://www.tukea.de/ ; e-mails: {'datenschutz@jimdo.com', 'info@tukea.de', 'Datenschutz@jimdo.com'} ; phone numbers: set() ; contact_pages: ['https://www.tukea.de//impressum/', 'https://www.tukea.de//impressum/'] ; legal_pages: ['https://www.tukea.de//datenschutz/', 'https://www.tukea.de//datenschutz/'] ; about_us_pages: []
INFO : 
Page: https://www.birch.earth/
INFO : Subpage:https://www.birch.earth/my-account/lost-password/
INFO : Subpage:https://www.birch.earth/product-category/technology/
INFO : Subpage:https://www.birch.earth//s.w.org
INFO : Subpage:https://www.birch.earth/product-category/nature-based/peatland-restoration/
INFO : Subpage:https://www.birch.earth/my-orders/
INFO : Subpage:https://www.birch.earth/product-category/community-projects/water-sanitation-hygiene/
INFO : Subpage:https://www.birch.earth/product-category/renewable-energy/solar-power/
INFO : Subpage:https://www.birch.earth/comments/feed/
INFO : Subpage:https://www.birch.earth/product-category/technology/direct-air-capture/
INFO : Subpage:https://www.birch.earth/privacy-policy/
INFO : Subpage: https://www.birch.earth/privacy-policy/ ; E-mails: ['info@birch.earth']
INFO : Subpage:https://www.birch.earth/sellers/
INFO : Subpage:https://www.birch.earth/product-category/renewable-energy/wind-power/
INFO : Subpage:https://www.birch.earth/
INFO : Subpage:https://www.birch.earth/shop/
INFO : Subpage:https://www.birch.earth/my-account/
INFO : Subpage:https://www.birch.earth/product-category/technology/carbon-capture-storage/
INFO : Subpage:https://www.birch.earth/feed/
INFO : Subpage:https://www.birch.earth/product-category/renewable-energy/hydro-power/
INFO : Subpage:https://www.birch.earth/terms-and-conditions/
INFO : Subpage: https://www.birch.earth/terms-and-conditions/ ; E-mails: ['info@birch.earth']
INFO : Subpage:https://www.birch.earth/product-category/nature-based/woodland-creation/
INFO : Subpage:https://www.birch.earth/product-category/community-projects/
INFO : Subpage:https://www.birch.earth/product-category/renewable-energy/
INFO : Subpage:https://www.birch.earth/vendors-how-it-works/
INFO : Subpage:https://www.birch.earth/product-category/nature-based/avoided-deforestation/
INFO : Subpage:https://www.birch.earth/wishlist/
INFO : Subpage:https://www.birch.earth/cart/
INFO : Subpage:https://www.birch.earth/product-category/community-projects/improved-cookstoves/
INFO : Subpage:https://www.birch.earth/product-category/nature-based/
INFO : Subpage:https://www.birch.earth//fonts.googleapis.com
INFO : Site: https://www.birch.earth/ ; e-mails: {'info@birch.earth'} ; phone numbers: set() ; contact_pages: [] ; legal_pages: ['https://www.birch.earth/privacy-policy/', 'https://www.birch.earth/terms-and-conditions/'] ; about_us_pages: []
INFO : 
Page: http://benefacto.de/
INFO : Subpage:http://benefacto.de//s.w.org
INFO : Subpage:http://benefacto.de/comments/feed/
INFO : Subpage:http://benefacto.de/impressum/
INFO : Subpage: http://benefacto.de/impressum/ ; E-mails: ['info@benefacto.de']
INFO : Subpage: http://benefacto.de/impressum/ ; Phone numbers: ['+493060935653']
INFO : Subpage:http://benefacto.de/
INFO : Subpage:http://benefacto.de/feed/
INFO : Subpage:http://benefacto.de/category/jobs/
INFO : Subpage:http://benefacto.de/no-current-jobs/
INFO : Site: http://benefacto.de/ ; e-mails: {'info@benefacto.de'} ; phone numbers: {'+493060935653'} ; contact_pages: ['http://benefacto.de/impressum/'] ; legal_pages: [] ; about_us_pages: []
INFO : 
Page: https://www.circolution.com/
INFO : Subpage:https://www.circolution.com/our-solution
INFO : Subpage:https://www.circolution.com/the-system
INFO : Subpage:https://www.circolution.com/
INFO : Subpage: https://www.circolution.com/ ; E-mails: ['info@circolution.com']
INFO : Subpage:https://www.circolution.com/about-us
INFO : Subpage: https://www.circolution.com/about-us ; E-mails: ['duenya@circolution.com', 'marina@circolution.com', 'max@circolution.com', 'kirils@circolution.com', 'jan@circolution.com', 'alessandro@circolution.com', 'frieda@circolution.com']
INFO : Subpage:https://www.circolution.com/contact
INFO : Subpage: https://www.circolution.com/contact ; E-mails: ['info@circolution.com']
INFO : Subpage: https://www.circolution.com/contact ; Phone numbers: ['+491748995096']
INFO : Subpage:https://www.circolution.com/our-service
INFO : Subpage:https://www.circolution.com/imprint
INFO : Subpage: https://www.circolution.com/imprint ; E-mails: ['info@circolution.com']
INFO : Subpage: https://www.circolution.com/imprint ; Phone numbers: ['+491748995096']
INFO : Subpage:https://www.circolution.com//static.parastorage.com/services/third-party/fonts/user-site-fonts/fonts/d513e15e-8f35-4129-ad05-481815e52625.woff2
INFO : Site: https://www.circolution.com/ ; e-mails: {'duenya@circolution.com', 'marina@circolution.com', 'max@circolution.com', 'kirils@circolution.com', 'jan@circolution.com', 'info@circolution.com', 'alessandro@circolution.com', 'frieda@circolution.com'} ; phone numbers: {'+491748995096'} ; contact_pages: ['https://www.circolution.com/contact'] ; legal_pages: [] ; about_us_pages: ['https://www.circolution.com/about-us']
INFO : 
Page: https://innova.co.uk/
INFO : Subpage:https://innova.co.uk/innova-property/
INFO : Subpage: https://innova.co.uk/innova-property/ ; Phone numbers: ['07930434285', '01242371990']
INFO : Subpage:https://innova.co.uk//s.w.org
INFO : Subpage:https://innova.co.uk/innova-renewables/
INFO : Subpage:https://innova.co.uk/consultation-on-revised-national-policy-statements/
INFO : Subpage:https://innova.co.uk/sample-page/feed/
INFO : Subpage:https://innova.co.uk/category/innova-energy/
INFO : Subpage:https://innova.co.uk/innova-energy-acquired-by-elm-trading/
INFO : Subpage: https://innova.co.uk/innova-energy-acquired-by-elm-trading/ ; E-mails: ['Kristianne@innova.co.uk']
INFO : Subpage:https://innova.co.uk/news/
INFO : Subpage:https://innova.co.uk/octopus-hydrogen-innova-renewables-and-novus-renewable-services-partner-to-produce-green-hydrogen/
INFO : Subpage: https://innova.co.uk/octopus-hydrogen-innova-renewables-and-novus-renewable-services-partner-to-produce-green-hydrogen/ ; E-mails: ['bellamy@octoenergy.com', 'Kristianne@innova.co.uk']
INFO : Subpage: https://innova.co.uk/octopus-hydrogen-innova-renewables-and-novus-renewable-services-partner-to-produce-green-hydrogen/ ; Phone numbers: ['+442045308369', '+441242436630']
INFO : Subpage:https://innova.co.uk/contact/
INFO : Subpage: https://innova.co.uk/contact/ ; E-mails: ['info@innovacapital.co.uk']
INFO : Subpage: https://innova.co.uk/contact/ ; Phone numbers: ['02037874320', '01242388633']
INFO : Subpage:https://innova.co.uk/category/uncategorized/
INFO : Subpage:https://innova.co.uk/
INFO : Subpage:https://innova.co.uk/page/2/?et_blog
INFO : Subpage:https://innova.co.uk/wp-content/themes/Divi/core/admin/fonts/modules.ttf
INFO : Subpage:https://innova.co.uk/feed/
INFO : Subpage: https://innova.co.uk/feed/ ; E-mails: ['bellamy@octoenergy.com', 'Kristianne@innova.co.uk']
INFO : Subpage: https://innova.co.uk/feed/ ; Phone numbers: ['+442045', '+441242']
INFO : Subpage:https://innova.co.uk/category/innova-renewables/
INFO : Subpage:https://innova.co.uk/innova-capital/
INFO : Subpage:https://innova.co.uk/comments/feed/
INFO : Subpage:https://innova.co.uk/people/
INFO : Subpage:https://innova.co.uk/category/innova-capital/
INFO : Subpage:https://innova.co.uk/innova-consulting/
INFO : Subpage:https://innova.co.uk/innova-ags/
INFO : Site: https://innova.co.uk/ ; e-mails: {'info@innovacapital.co.uk', 'bellamy@octoenergy.com', 'Kristianne@innova.co.uk'} ; phone numbers: {'01242388633', '+442045', '+441242436630', '02037874320', '+442045308369', '07930434285', '01242371990', '+441242'} ; contact_pages: ['https://innova.co.uk/contact/'] ; legal_pages: [] ; about_us_pages: []
INFO : 
Page: https://www.tinyfoods.nl/
INFO : Subpage:https://www.tinyfoods.nl/waarom-insecten-eten/
INFO : Subpage: https://www.tinyfoods.nl/waarom-insecten-eten/ ; E-mails: ['info@tinyfoods.nl']
INFO : Subpage: https://www.tinyfoods.nl/waarom-insecten-eten/ ; Phone numbers: ['0341842121']
INFO : Subpage:https://www.tinyfoods.nl/mijn-account/
INFO : Subpage: https://www.tinyfoods.nl/mijn-account/ ; E-mails: ['info@tinyfoods.nl']
INFO : Subpage: https://www.tinyfoods.nl/mijn-account/ ; Phone numbers: ['0341842121']
INFO : Subpage:https://www.tinyfoods.nl/het-assortiment/
INFO : Subpage: https://www.tinyfoods.nl/het-assortiment/ ; E-mails: ['info@tinyfoods.nl']
INFO : Subpage: https://www.tinyfoods.nl/het-assortiment/ ; Phone numbers: ['0341842121']
INFO : Subpage:https://www.tinyfoods.nl//use.fontawesome.com
INFO : Subpage: https://www.tinyfoods.nl//use.fontawesome.com ; E-mails: ['info@tinyfoods.nl']
INFO : Subpage: https://www.tinyfoods.nl//use.fontawesome.com ; Phone numbers: ['0341842121']
INFO : Subpage:https://www.tinyfoods.nl/feed/
INFO : Subpage: https://www.tinyfoods.nl/feed/ ; E-mails: ['info@tinyfoods.nl']
INFO : Subpage:https://www.tinyfoods.nl/
INFO : Subpage: https://www.tinyfoods.nl/ ; E-mails: ['info@tinyfoods.nl']
INFO : Subpage: https://www.tinyfoods.nl/ ; Phone numbers: ['0341842121']
INFO : Subpage:https://www.tinyfoods.nl//connect.livechatinc.com
INFO : Subpage: https://www.tinyfoods.nl//connect.livechatinc.com ; E-mails: ['info@tinyfoods.nl']
INFO : Subpage: https://www.tinyfoods.nl//connect.livechatinc.com ; Phone numbers: ['0341842121']
INFO : Subpage:https://www.tinyfoods.nl/het-assortiment
INFO : Subpage: https://www.tinyfoods.nl/het-assortiment ; E-mails: ['info@tinyfoods.nl']
INFO : Subpage: https://www.tinyfoods.nl/het-assortiment ; Phone numbers: ['0341842121']
INFO : Subpage:https://www.tinyfoods.nl/home3/
INFO : Subpage: https://www.tinyfoods.nl/home3/ ; E-mails: ['info@tinyfoods.nl']
INFO : Subpage: https://www.tinyfoods.nl/home3/ ; Phone numbers: ['0341842121']
INFO : Subpage:https://www.tinyfoods.nl/waarom-insecten-eten
INFO : Subpage: https://www.tinyfoods.nl/waarom-insecten-eten ; E-mails: ['info@tinyfoods.nl']
INFO : Subpage: https://www.tinyfoods.nl/waarom-insecten-eten ; Phone numbers: ['0341842121']
INFO : Subpage:https://www.tinyfoods.nl/comments/feed/
INFO : Subpage:https://www.tinyfoods.nl/winkelmandje/
INFO : Subpage: https://www.tinyfoods.nl/winkelmandje/ ; E-mails: ['info@tinyfoods.nl']
INFO : Subpage: https://www.tinyfoods.nl/winkelmandje/ ; Phone numbers: ['0341842121']
INFO : Subpage:https://www.tinyfoods.nl/zakelijk/
INFO : Subpage: https://www.tinyfoods.nl/zakelijk/ ; E-mails: ['info@tinyfoods.nl']
INFO : Subpage: https://www.tinyfoods.nl/zakelijk/ ; Phone numbers: ['0341842121', '0341842121']
INFO : Subpage:https://www.tinyfoods.nl//fonts.googleapis.com
INFO : Subpage: https://www.tinyfoods.nl//fonts.googleapis.com ; E-mails: ['info@tinyfoods.nl']
INFO : Subpage: https://www.tinyfoods.nl//fonts.googleapis.com ; Phone numbers: ['0341842121']
INFO : Subpage:https://www.tinyfoods.nl//use.fontawesome.com
INFO : Subpage: https://www.tinyfoods.nl//use.fontawesome.com ; E-mails: ['info@tinyfoods.nl']
INFO : Subpage: https://www.tinyfoods.nl//use.fontawesome.com ; Phone numbers: ['0341842121']
INFO : Subpage:https://www.tinyfoods.nl//fonts.googleapis.com
INFO : Subpage: https://www.tinyfoods.nl//fonts.googleapis.com ; E-mails: ['info@tinyfoods.nl']
INFO : Subpage: https://www.tinyfoods.nl//fonts.googleapis.com ; Phone numbers: ['0341842121']
INFO : Subpage:https://www.tinyfoods.nl//connect.livechatinc.com
INFO : Subpage: https://www.tinyfoods.nl//connect.livechatinc.com ; E-mails: ['info@tinyfoods.nl']
INFO : Subpage: https://www.tinyfoods.nl//connect.livechatinc.com ; Phone numbers: ['0341842121']
INFO : Site: https://www.tinyfoods.nl/ ; e-mails: {'info@tinyfoods.nl'} ; phone numbers: {'0341842121'} ; contact_pages: [] ; legal_pages: [] ; about_us_pages: []
INFO : 
Page: https://www.bioomix.com/
INFO : Subpage:https://www.bioomix.com/contact
INFO : Subpage: https://www.bioomix.com/contact ; E-mails: ['info@bioomix.com']
INFO : Subpage: https://www.bioomix.com/contact ; Phone numbers: ['+4552114513']
INFO : Subpage:https://www.bioomix.com/blog
INFO : Subpage: https://www.bioomix.com/blog ; E-mails: ['info@bioomix.com']
INFO : Subpage: https://www.bioomix.com/blog ; Phone numbers: ['+4552114513']
INFO : Subpage:https://www.bioomix.com//fonts.gstatic.com/s/roboto/v18/97uahxiqZRoncBaCEI3aW1tXRa8TVwTICgirnJhmVJw.woff2
INFO : Subpage:https://www.bioomix.com/about
INFO : Subpage: https://www.bioomix.com/about ; E-mails: ['rca@bioomix.com', 'jma@bioomix.com', 'info@bioomix.com', 'rsj@bioomix.com', 'zs@bioomix.com', 'ctv@bioomix.com', 'mp@bioomix.com', 'shs@bioomix.com', 'moa@bioomix.com', 'fm@bioomix.com']
INFO : Subpage: https://www.bioomix.com/about ; Phone numbers: ['+4552114513']
INFO : Subpage:https://www.bioomix.com/home
INFO : Subpage: https://www.bioomix.com/home ; E-mails: ['info@bioomix.com']
INFO : Subpage: https://www.bioomix.com/home ; Phone numbers: ['+4552114513']
INFO : Subpage:https://www.bioomix.com/jobs
INFO : Subpage: https://www.bioomix.com/jobs ; E-mails: ['info@bioomix.com']
INFO : Subpage: https://www.bioomix.com/jobs ; Phone numbers: ['+4552114513']
INFO : Subpage:https://www.bioomix.com/technology
INFO : Subpage: https://www.bioomix.com/technology ; E-mails: ['info@bioomix.com']
INFO : Subpage: https://www.bioomix.com/technology ; Phone numbers: ['+4552114513']
INFO : Site: https://www.bioomix.com/ ; e-mails: {'rca@bioomix.com', 'info@bioomix.com', 'jma@bioomix.com', 'rsj@bioomix.com', 'zs@bioomix.com', 'ctv@bioomix.com', 'mp@bioomix.com', 'shs@bioomix.com', 'moa@bioomix.com', 'fm@bioomix.com'} ; phone numbers: {'+4552114513'} ; contact_pages: ['https://www.bioomix.com/contact'] ; legal_pages: [] ; about_us_pages: ['https://www.bioomix.com/about']
INFO : 
Page: https://www.withdelve.com/
INFO : Site: https://www.withdelve.com/ ; e-mails: set() ; phone numbers: set() ; contact_pages: [] ; legal_pages: [] ; about_us_pages: []
INFO : 
Page: https://climasenergy.com/
INFO : Subpage:https://climasenergy.com/business-solutions/
INFO : Subpage:https://climasenergy.com/our-solar-and-energy-solution/european-solar-technology/
INFO : Subpage:https://climasenergy.com/contact/
INFO : Subpage: https://climasenergy.com/contact/ ; E-mails: ['mb@climasenergy.com']
INFO : Subpage: https://climasenergy.com/contact/ ; Phone numbers: ['+4591534141']
INFO : Subpage:https://climasenergy.com//s.w.org
INFO : Subpage:https://climasenergy.com/our-vision/closing-the-gap-blue-sky/
INFO : Subpage:https://climasenergy.com/sponsorship-inquiries/
INFO : Subpage:https://climasenergy.com/our-vision/hello-nigeria-makoko/
INFO : Subpage:https://climasenergy.com/work-with-us-join-us/join-our-team/
INFO : Subpage:https://climasenergy.com/ambassador-community/
INFO : Subpage:https://climasenergy.com/emergency-aid/
INFO : Subpage:https://climasenergy.com/marketing-and-press/
INFO : Subpage: https://climasenergy.com/marketing-and-press/ ; E-mails: ['press@climasenergy.com']
INFO : Subpage:https://climasenergy.com/comments/feed/
INFO : Subpage:https://climasenergy.com/work-with-us-join-us/
INFO : Subpage:https://climasenergy.com/contact/csr-strategy-and-kpi/
INFO : Subpage:https://climasenergy.com/feed/
INFO : Subpage:https://climasenergy.com/our-solar-and-energy-solution/
INFO : Subpage:https://climasenergy.com/contact/collaboration-and-invesore/
INFO : Subpage:https://climasenergy.com/our-solar-and-energy-solution/our-solar-solution/
INFO : Subpage:https://climasenergy.com/
INFO : Subpage:https://climasenergy.com/earn-ce-asserts/
INFO : Subpage:https://climasenergy.com/battery-rig/
INFO : Subpage:https://climasenergy.com/news/
INFO : Subpage:https://climasenergy.com/rechargeable-battery/
INFO : Subpage:https://climasenergy.com/opv-solar/
INFO : Subpage:https://climasenergy.com/faqs/
INFO : Subpage:https://climasenergy.com/exchange/
INFO : Subpage:https://climasenergy.com/about/
INFO : Subpage:https://climasenergy.com/payg/
INFO : Subpage:https://climasenergy.com/currencies-ce/
INFO : Subpage:https://climasenergy.com/sustainable-energy/
INFO : Subpage:https://climasenergy.com/our-solar-and-energy-solution/keep-it-simple/
INFO : Subpage:https://climasenergy.com/team/
INFO : Subpage:https://climasenergy.com/our-vision/hello-kenya-kibera/
INFO : Subpage:https://climasenergy.com/grid-net/
INFO : Subpage:https://climasenergy.com/wallet/
INFO : Subpage:https://climasenergy.com/climas-energy-ngo/
INFO : Subpage:https://climasenergy.com/careers/
INFO : Subpage:https://climasenergy.com/ce-graphene/
INFO : Subpage:https://climasenergy.com//fonts.googleapis.com
INFO : Subpage:https://climasenergy.com/our-vision/
INFO : Subpage:https://climasenergy.com/eksempel-side/feed/
INFO : Site: https://climasenergy.com/ ; e-mails: {'mb@climasenergy.com', 'press@climasenergy.com'} ; phone numbers: {'+4591534141'} ; contact_pages: ['https://climasenergy.com/contact/', 'https://climasenergy.com/contact/csr-strategy-and-kpi/', 'https://climasenergy.com/contact/collaboration-and-invesore/'] ; legal_pages: [] ; about_us_pages: ['https://climasenergy.com/about/']
INFO : 
Page: https://thebamandboo.com/
INFO : Subpage:https://thebamandboo.com/products/oral-care-for-three
INFO : Subpage: https://thebamandboo.com/products/oral-care-for-three ; E-mails: ['info@thebamandboo.com', 'retail@thebamandboo.com']
INFO : Subpage:https://thebamandboo.com/collections/soap-bar
INFO : Subpage: https://thebamandboo.com/collections/soap-bar ; E-mails: ['retail@thebamandboo.com', 'info@thebamandboo.com']
INFO : Subpage:https://thebamandboo.com/products/dry-body-oil
INFO : Subpage: https://thebamandboo.com/products/dry-body-oil ; E-mails: ['info@thebamandboo.com', 'retail@thebamandboo.com']
INFO : Subpage:https://thebamandboo.com/products/the-bam-boo-dental-floss
INFO : Subpage: https://thebamandboo.com/products/the-bam-boo-dental-floss ; E-mails: ['info@thebamandboo.com', 'retail@thebamandboo.com']
INFO : Subpage:https://thebamandboo.com/pages/all-products
INFO : Subpage: https://thebamandboo.com/pages/all-products ; E-mails: ['retail@thebamandboo.com', 'info@thebamandboo.com']
INFO : Subpage:https://thebamandboo.com/collections/facial-care
INFO : Subpage: https://thebamandboo.com/collections/facial-care ; E-mails: ['retail@thebamandboo.com', 'info@thebamandboo.com']
INFO : Subpage:https://thebamandboo.com/pages/faqs
INFO : Subpage: https://thebamandboo.com/pages/faqs ; E-mails: ['retail@thebamandboo.com', 'info@thebamandboo.com']
INFO : Subpage:https://thebamandboo.com/pages/personal-care
INFO : Subpage: https://thebamandboo.com/pages/personal-care ; E-mails: ['retail@thebamandboo.com', 'info@thebamandboo.com']
INFO : Subpage:https://thebamandboo.com/products/floral-cleansing-water
INFO : Subpage: https://thebamandboo.com/products/floral-cleansing-water ; E-mails: ['info@thebamandboo.com', 'retail@thebamandboo.com']
INFO : Subpage:https://thebamandboo.com/collections/oral-care
INFO : Subpage: https://thebamandboo.com/collections/oral-care ; E-mails: ['retail@thebamandboo.com', 'info@thebamandboo.com']
INFO : Subpage:https://thebamandboo.com/collections/body-care
INFO : Subpage: https://thebamandboo.com/collections/body-care ; E-mails: ['retail@thebamandboo.com', 'info@thebamandboo.com']
INFO : Subpage:https://thebamandboo.com/products/oral-care-for-four
INFO : Subpage: https://thebamandboo.com/products/oral-care-for-four ; E-mails: ['info@thebamandboo.com', 'retail@thebamandboo.com']
INFO : Subpage:https://thebamandboo.com/products/body-scrub
INFO : Subpage: https://thebamandboo.com/products/body-scrub ; E-mails: ['info@thebamandboo.com', 'retail@thebamandboo.com']
INFO : Subpage:https://thebamandboo.com/products/facial-care-box
INFO : Subpage: https://thebamandboo.com/products/facial-care-box ; E-mails: ['info@thebamandboo.com', 'retail@thebamandboo.com']
INFO : Subpage:https://thebamandboo.com/products/the-bam-boo-toothbrush-stand
INFO : Subpage: https://thebamandboo.com/products/the-bam-boo-toothbrush-stand ; E-mails: ['retail@thebamandboo.com', 'info@thebamandboo.com']
INFO : Subpage:https://thebamandboo.com/collections/gift-packs
INFO : Subpage: https://thebamandboo.com/collections/gift-packs ; E-mails: ['retail@thebamandboo.com', 'info@thebamandboo.com']
INFO : Subpage:https://thebamandboo.com/products/body-hydrating-cream
INFO : Subpage: https://thebamandboo.com/products/body-hydrating-cream ; E-mails: ['info@thebamandboo.com', 'retail@thebamandboo.com']
INFO : Subpage:https://thebamandboo.com/products/the-bam-boo-conditioner-bar
INFO : Subpage: https://thebamandboo.com/products/the-bam-boo-conditioner-bar ; E-mails: ['info@thebamandboo.com', 'retail@thebamandboo.com']
INFO : Subpage:https://thebamandboo.com/products/squeeze-key
INFO : Subpage: https://thebamandboo.com/products/squeeze-key ; E-mails: ['retail@thebamandboo.com', 'info@thebamandboo.com']
INFO : Subpage:https://thebamandboo.com/products/facial-hydrating-cream
INFO : Subpage: https://thebamandboo.com/products/facial-hydrating-cream ; E-mails: ['info@thebamandboo.com', 'retail@thebamandboo.com']
INFO : Subpage:https://thebamandboo.com/products/organic-cotton-bag
INFO : Subpage: https://thebamandboo.com/products/organic-cotton-bag ; E-mails: ['retail@thebamandboo.com', 'info@thebamandboo.com']
INFO : Subpage:https://thebamandboo.com/pages/retail
INFO : Subpage: https://thebamandboo.com/pages/retail ; E-mails: ['retail@thebamandboo.com', 'info@thebamandboo.com']
INFO : Subpage:https://thebamandboo.com/collections/accessories
INFO : Subpage: https://thebamandboo.com/collections/accessories ; E-mails: ['retail@thebamandboo.com', 'info@thebamandboo.com']
INFO : Subpage:https://thebamandboo.com/products/the-bam-boo-toothpaste
INFO : Subpage: https://thebamandboo.com/products/the-bam-boo-toothpaste ; E-mails: ['info@thebamandboo.com', 'retail@thebamandboo.com']
INFO : Subpage:https://thebamandboo.com/blogs/the-bam-boo-blog
INFO : Subpage: https://thebamandboo.com/blogs/the-bam-boo-blog ; E-mails: ['retail@thebamandboo.com', 'info@thebamandboo.com']
INFO : Subpage:https://thebamandboo.com/products/the-bam-boo-soap-bar-charcoal-pine
INFO : Subpage: https://thebamandboo.com/products/the-bam-boo-soap-bar-charcoal-pine ; E-mails: ['info@thebamandboo.com', 'retail@thebamandboo.com']
INFO : Subpage:https://thebamandboo.com/products/body-hydrating-bar
INFO : Subpage: https://thebamandboo.com/products/body-hydrating-bar ; E-mails: ['info@thebamandboo.com', 'retail@thebamandboo.com']
INFO : Subpage:https://thebamandboo.com/collections/toothpaste-tabs
INFO : Subpage: https://thebamandboo.com/collections/toothpaste-tabs ; E-mails: ['retail@thebamandboo.com', 'info@thebamandboo.com']
INFO : Subpage:https://thebamandboo.com/collections/bundles
INFO : Subpage: https://thebamandboo.com/collections/bundles ; E-mails: ['retail@thebamandboo.com', 'info@thebamandboo.com']
INFO : Subpage:https://thebamandboo.com/products/facial-cleansing-bar
INFO : Subpage: https://thebamandboo.com/products/facial-cleansing-bar ; E-mails: ['info@thebamandboo.com', 'retail@thebamandboo.com']
INFO : Subpage:https://thebamandboo.com/collections/packs
INFO : Subpage: https://thebamandboo.com/collections/packs ; E-mails: ['retail@thebamandboo.com', 'info@thebamandboo.com']
INFO : Subpage:https://thebamandboo.com/blogs/the-bam-boo-blog/natural-toothpaste-vs-commercial-toothpaste
INFO : Subpage: https://thebamandboo.com/blogs/the-bam-boo-blog/natural-toothpaste-vs-commercial-toothpaste ; E-mails: ['retail@thebamandboo.com', 'info@thebamandboo.com']
INFO : Subpage:https://thebamandboo.com/pages/reviews
INFO : Subpage: https://thebamandboo.com/pages/reviews ; E-mails: ['retail@thebamandboo.com', 'info@thebamandboo.com']
INFO : Subpage:https://thebamandboo.com/products/bamboo-toothbrush
INFO : Subpage: https://thebamandboo.com/products/bamboo-toothbrush ; E-mails: ['info@thebamandboo.com', 'retail@thebamandboo.com']
INFO : Subpage:https://thebamandboo.com/pages/sustainability
INFO : Subpage: https://thebamandboo.com/pages/sustainability ; E-mails: ['retail@thebamandboo.com', 'info@thebamandboo.com']
INFO : Subpage:https://thebamandboo.com/products/the-bam-boo-cotton-bag
INFO : Subpage: https://thebamandboo.com/products/the-bam-boo-cotton-bag ; E-mails: ['retail@thebamandboo.com', 'info@thebamandboo.com']
INFO : Subpage:https://thebamandboo.com/collections/powder-face-masks
INFO : Subpage: https://thebamandboo.com/collections/powder-face-masks ; E-mails: ['retail@thebamandboo.com', 'info@thebamandboo.com']
INFO : Subpage:https://thebamandboo.com/blogs/the-bam-boo-blog/how-are-bamboo-toothbrushes-made
INFO : Subpage: https://thebamandboo.com/blogs/the-bam-boo-blog/how-are-bamboo-toothbrushes-made ; E-mails: ['retail@thebamandboo.com', 'info@thebamandboo.com']
INFO : Subpage:https://thebamandboo.com/pages/about-us
INFO : Subpage: https://thebamandboo.com/pages/about-us ; E-mails: ['retail@thebamandboo.com', 'info@thebamandboo.com']
INFO : Subpage:https://thebamandboo.com/pages/all-products
INFO : Subpage: https://thebamandboo.com/pages/all-products ; E-mails: ['retail@thebamandboo.com', 'info@thebamandboo.com']
INFO : Subpage:https://thebamandboo.com/products/the-bam-boo-cotton-buds
INFO : Subpage: https://thebamandboo.com/products/the-bam-boo-cotton-buds ; E-mails: ['info@thebamandboo.com', 'retail@thebamandboo.com']
INFO : Subpage:https://thebamandboo.com/blogs/the-bam-boo-blog/ecodesign-sustainable-products-for-a-sustainable-planet
INFO : Subpage: https://thebamandboo.com/blogs/the-bam-boo-blog/ecodesign-sustainable-products-for-a-sustainable-planet ; E-mails: ['retail@thebamandboo.com', 'info@thebamandboo.com']
INFO : Subpage:https://thebamandboo.com/collections/gift-packs
INFO : Subpage: https://thebamandboo.com/collections/gift-packs ; E-mails: ['retail@thebamandboo.com', 'info@thebamandboo.com']
INFO : Subpage:https://thebamandboo.com/pages/portugal-2020
INFO : Subpage: https://thebamandboo.com/pages/portugal-2020 ; E-mails: ['retail@thebamandboo.com', 'info@thebamandboo.com']
INFO : Subpage:https://thebamandboo.com/collections/hand-care
INFO : Subpage: https://thebamandboo.com/collections/hand-care ; E-mails: ['retail@thebamandboo.com', 'info@thebamandboo.com']
INFO : Subpage:https://thebamandboo.com/products/jade-face-roller
INFO : Subpage: https://thebamandboo.com/products/jade-face-roller ; E-mails: ['info@thebamandboo.com', 'retail@thebamandboo.com']
INFO : Subpage:https://thebamandboo.com/products/body-brush
INFO : Subpage: https://thebamandboo.com/products/body-brush ; E-mails: ['retail@thebamandboo.com', 'info@thebamandboo.com']
INFO : Subpage:https://thebamandboo.com/products/the-bam-boo-e-gift-card
INFO : Subpage: https://thebamandboo.com/products/the-bam-boo-e-gift-card ; E-mails: ['retail@thebamandboo.com', 'info@thebamandboo.com']
INFO : Subpage:https://thebamandboo.com/products/the-bam-boo-straws
INFO : Subpage: https://thebamandboo.com/products/the-bam-boo-straws ; E-mails: ['retail@thebamandboo.com', 'info@thebamandboo.com']
INFO : Subpage:https://thebamandboo.com/pages/about-us
INFO : Subpage: https://thebamandboo.com/pages/about-us ; E-mails: ['retail@thebamandboo.com', 'info@thebamandboo.com']
INFO : Subpage:https://thebamandboo.com/pages/rewards
INFO : Subpage: https://thebamandboo.com/pages/rewards ; E-mails: ['retail@thebamandboo.com', 'info@thebamandboo.com']
INFO : Subpage:https://thebamandboo.com/account/login
INFO : Subpage: https://thebamandboo.com/account/login ; E-mails: ['retail@thebamandboo.com', 'info@thebamandboo.com']
INFO : Subpage:https://thebamandboo.com/products/the-bam-boo-tongue-cleaner
INFO : Subpage: https://thebamandboo.com/products/the-bam-boo-tongue-cleaner ; E-mails: ['info@thebamandboo.com', 'retail@thebamandboo.com']
INFO : Subpage:https://thebamandboo.com/pages/contact-us
INFO : Subpage: https://thebamandboo.com/pages/contact-us ; E-mails: ['retail@thebamandboo.com', 'info@thebamandboo.com']
INFO : Subpage:https://thebamandboo.com/collections/personal-care
INFO : Subpage: https://thebamandboo.com/collections/personal-care ; E-mails: ['retail@thebamandboo.com', 'info@thebamandboo.com']
INFO : Subpage:https://thebamandboo.com/collections/home-care
INFO : Subpage: https://thebamandboo.com/collections/home-care ; E-mails: ['retail@thebamandboo.com', 'info@thebamandboo.com']
INFO : Subpage:https://thebamandboo.com/products/aluminum-tin
INFO : Subpage: https://thebamandboo.com/products/aluminum-tin ; E-mails: ['retail@thebamandboo.com', 'info@thebamandboo.com']
INFO : Subpage:https://thebamandboo.com/collections/best-sellers
INFO : Subpage: https://thebamandboo.com/collections/best-sellers ; E-mails: ['retail@thebamandboo.com', 'info@thebamandboo.com']
INFO : Subpage:https://thebamandboo.com/products/oral-care-for-two
INFO : Subpage: https://thebamandboo.com/products/oral-care-for-two ; E-mails: ['info@thebamandboo.com', 'retail@thebamandboo.com']
INFO : Subpage:https://thebamandboo.com/products/interdental-brushes
INFO : Subpage: https://thebamandboo.com/products/interdental-brushes ; E-mails: ['info@thebamandboo.com', 'retail@thebamandboo.com']
INFO : Subpage:https://thebamandboo.com/collections/value-packs
INFO : Subpage: https://thebamandboo.com/collections/value-packs ; E-mails: ['retail@thebamandboo.com', 'info@thebamandboo.com']
INFO : Subpage:https://thebamandboo.com/products/reusable-cleaning-pads
INFO : Subpage: https://thebamandboo.com/products/reusable-cleaning-pads ; E-mails: ['info@thebamandboo.com', 'retail@thebamandboo.com']
INFO : Subpage:https://thebamandboo.com/
INFO : Subpage: https://thebamandboo.com/ ; E-mails: ['retail@thebamandboo.com', 'info@thebamandboo.com']
INFO : Subpage:https://thebamandboo.com/cart
INFO : Subpage: https://thebamandboo.com/cart ; E-mails: ['retail@thebamandboo.com', 'info@thebamandboo.com']
INFO : Subpage:https://thebamandboo.com/pages/satisfaction-guarantee
INFO : Subpage: https://thebamandboo.com/pages/satisfaction-guarantee ; E-mails: ['retail@thebamandboo.com', 'info@thebamandboo.com']
INFO : Subpage:https://thebamandboo.com/pages/reviews
INFO : Subpage: https://thebamandboo.com/pages/reviews ; E-mails: ['retail@thebamandboo.com', 'info@thebamandboo.com']
INFO : Subpage:https://thebamandboo.com/collections/care-boxes
INFO : Subpage: https://thebamandboo.com/collections/care-boxes ; E-mails: ['retail@thebamandboo.com', 'info@thebamandboo.com']
INFO : Subpage:https://thebamandboo.com/products/gift-pack-eco-starter
INFO : Subpage: https://thebamandboo.com/products/gift-pack-eco-starter ; E-mails: ['retail@thebamandboo.com', 'info@thebamandboo.com']
INFO : Subpage:https://thebamandboo.com/products/hand-sanitizer
INFO : Subpage: https://thebamandboo.com/products/hand-sanitizer ; E-mails: ['info@thebamandboo.com', 'retail@thebamandboo.com']
INFO : Subpage:https://thebamandboo.com/collections/hair-care
INFO : Subpage: https://thebamandboo.com/collections/hair-care ; E-mails: ['retail@thebamandboo.com', 'info@thebamandboo.com']
INFO : Subpage:https://thebamandboo.com/collections/shampoo-conditioner-bar
INFO : Subpage: https://thebamandboo.com/collections/shampoo-conditioner-bar ; E-mails: ['retail@thebamandboo.com', 'info@thebamandboo.com']
INFO : Subpage:https://thebamandboo.com/pages/subscribe-save
INFO : Subpage: https://thebamandboo.com/pages/subscribe-save ; E-mails: ['retail@thebamandboo.com', 'info@thebamandboo.com']
INFO : Subpage:https://thebamandboo.com/products/body-care-box
INFO : Subpage: https://thebamandboo.com/products/body-care-box ; E-mails: ['info@thebamandboo.com', 'retail@thebamandboo.com']
INFO : Subpage:https://thebamandboo.com/pages/terms-policies
INFO : Subpage: https://thebamandboo.com/pages/terms-policies ; E-mails: ['retail@thebamandboo.com', 'contact@lisbonmarketingunited.com', 'info@thebamandboo.com']
INFO : Subpage:https://thebamandboo.com/products/limited-edition-ukraine-toothbrush
INFO : Subpage: https://thebamandboo.com/products/limited-edition-ukraine-toothbrush ; E-mails: ['retail@thebamandboo.com', 'info@thebamandboo.com']
INFO : Subpage:https://thebamandboo.com/products/hair-care-box
INFO : Subpage: https://thebamandboo.com/products/hair-care-box ; E-mails: ['info@thebamandboo.com', 'retail@thebamandboo.com']
INFO : Subpage:https://thebamandboo.com/products/oral-care-for-one
INFO : Subpage: https://thebamandboo.com/products/oral-care-for-one ; E-mails: ['info@thebamandboo.com', 'retail@thebamandboo.com']
INFO : Subpage:https://thebamandboo.com/collections/lip-balm
INFO : Subpage: https://thebamandboo.com/collections/lip-balm ; E-mails: ['retail@thebamandboo.com', 'info@thebamandboo.com']
INFO : Subpage:https://thebamandboo.com/collections/oral-care-boxes
INFO : Subpage: https://thebamandboo.com/collections/oral-care-boxes ; E-mails: ['retail@thebamandboo.com', 'info@thebamandboo.com']
INFO : Subpage:https://thebamandboo.com/products/the-bam-boo-travel-case
INFO : Subpage: https://thebamandboo.com/products/the-bam-boo-travel-case ; E-mails: ['retail@thebamandboo.com', 'info@thebamandboo.com']
INFO : Subpage:https://thebamandboo.com/blogs/the-bam-boo-blog
INFO : Subpage: https://thebamandboo.com/blogs/the-bam-boo-blog ; E-mails: ['retail@thebamandboo.com', 'info@thebamandboo.com']
INFO : Subpage:https://thebamandboo.com/products/hand-hydrating-bar
INFO : Subpage: https://thebamandboo.com/products/hand-hydrating-bar ; E-mails: ['info@thebamandboo.com', 'retail@thebamandboo.com']
INFO : Subpage:https://thebamandboo.com/checkout
INFO : Subpage: https://thebamandboo.com/checkout ; E-mails: ['retail@thebamandboo.com', 'info@thebamandboo.com']
INFO : Site: https://thebamandboo.com/ ; e-mails: {'info@thebamandboo.com', 'retail@thebamandboo.com', 'contact@lisbonmarketingunited.com'} ; phone numbers: set() ; contact_pages: ['https://thebamandboo.com//pages/contact-us'] ; legal_pages: ['https://thebamandboo.com//pages/terms-policies'] ; about_us_pages: ['https://thebamandboo.com//pages/about-us', 'https://thebamandboo.com/pages/about-us']
INFO : 
Page: https://customiseme.dk/
INFO : Subpage:https://customiseme.dk/product/energizing-soap/
INFO : Subpage: https://customiseme.dk/product/energizing-soap/ ; E-mails: ['info@customiseme.dk']
INFO : Subpage: https://customiseme.dk/product/energizing-soap/ ; Phone numbers: ['42657603']
INFO : Subpage:https://customiseme.dk//stats.wp.com
INFO : Subpage: https://customiseme.dk//stats.wp.com ; E-mails: ['info@customiseme.dk']
INFO : Subpage: https://customiseme.dk//stats.wp.com ; Phone numbers: ['42657603']
INFO : Subpage:https://customiseme.dk/home/feed/
INFO : Subpage:https://customiseme.dk/product/your-soap/
INFO : Subpage: https://customiseme.dk/product/your-soap/ ; E-mails: ['info@customiseme.dk']
INFO : Subpage: https://customiseme.dk/product/your-soap/ ; Phone numbers: ['42657603']
INFO : Subpage:https://customiseme.dk//s.w.org
INFO : Subpage: https://customiseme.dk//s.w.org ; E-mails: ['info@customiseme.dk']
INFO : Subpage: https://customiseme.dk//s.w.org ; Phone numbers: ['42657603']
INFO : Subpage:https://customiseme.dk/contact/
INFO : Subpage: https://customiseme.dk/contact/ ; E-mails: ['info@customiseme.dk']
INFO : Subpage: https://customiseme.dk/contact/ ; Phone numbers: ['42657603']
INFO : Subpage:https://customiseme.dk/comments/feed/
INFO : Subpage:https://customiseme.dk/
INFO : Subpage: https://customiseme.dk/ ; E-mails: ['info@customiseme.dk']
INFO : Subpage: https://customiseme.dk/ ; Phone numbers: ['42657603']
INFO : Subpage:https://customiseme.dk/product/harmonising-soap/
INFO : Subpage: https://customiseme.dk/product/harmonising-soap/ ; E-mails: ['info@customiseme.dk']
INFO : Subpage: https://customiseme.dk/product/harmonising-soap/ ; Phone numbers: ['42657603']
INFO : Subpage:https://customiseme.dk/my-account/
INFO : Subpage: https://customiseme.dk/my-account/ ; E-mails: ['info@customiseme.dk']
INFO : Subpage: https://customiseme.dk/my-account/ ; Phone numbers: ['42657603']
INFO : Subpage:https://customiseme.dk/about-us/
INFO : Subpage: https://customiseme.dk/about-us/ ; E-mails: ['info@customiseme.dk']
INFO : Subpage: https://customiseme.dk/about-us/ ; Phone numbers: ['42657603']
INFO : Subpage:https://customiseme.dk/product/strengthening-soap/
INFO : Subpage: https://customiseme.dk/product/strengthening-soap/ ; E-mails: ['info@customiseme.dk']
INFO : Subpage: https://customiseme.dk/product/strengthening-soap/ ; Phone numbers: ['42657603']
INFO : Subpage:https://customiseme.dk/workshop/
INFO : Subpage: https://customiseme.dk/workshop/ ; E-mails: ['info@customiseme.dk']
INFO : Subpage: https://customiseme.dk/workshop/ ; Phone numbers: ['42657603']
INFO : Subpage:https://customiseme.dk//i0.wp.com
INFO : Subpage: https://customiseme.dk//i0.wp.com ; E-mails: ['info@customiseme.dk']
INFO : Subpage: https://customiseme.dk//i0.wp.com ; Phone numbers: ['42657603']
INFO : Subpage:https://customiseme.dk//c0.wp.com
INFO : Subpage: https://customiseme.dk//c0.wp.com ; E-mails: ['info@customiseme.dk']
INFO : Subpage: https://customiseme.dk//c0.wp.com ; Phone numbers: ['42657603']
INFO : Subpage:https://customiseme.dk/product/rosemary-christmas-tree/
INFO : Subpage: https://customiseme.dk/product/rosemary-christmas-tree/ ; E-mails: ['info@customiseme.dk']
INFO : Subpage: https://customiseme.dk/product/rosemary-christmas-tree/ ; Phone numbers: ['42657603']
INFO : Subpage:https://customiseme.dk/product/calming-soap/
INFO : Subpage: https://customiseme.dk/product/calming-soap/ ; E-mails: ['info@customiseme.dk']
INFO : Subpage: https://customiseme.dk/product/calming-soap/ ; Phone numbers: ['42657603']
INFO : Subpage:https://customiseme.dk/ingredients/
INFO : Subpage: https://customiseme.dk/ingredients/ ; E-mails: ['info@customiseme.dk']
INFO : Subpage: https://customiseme.dk/ingredients/ ; Phone numbers: ['42657603']
INFO : Subpage:https://customiseme.dk/cookie-privacy-policy/
INFO : Subpage: https://customiseme.dk/cookie-privacy-policy/ ; E-mails: ['info@customiseme.dk']
INFO : Subpage: https://customiseme.dk/cookie-privacy-policy/ ; Phone numbers: ['42657603']
INFO : Subpage:https://customiseme.dk/cart/
INFO : Subpage: https://customiseme.dk/cart/ ; E-mails: ['info@customiseme.dk']
INFO : Subpage: https://customiseme.dk/cart/ ; Phone numbers: ['42657603']
INFO : Subpage:https://customiseme.dk/shop/
INFO : Subpage: https://customiseme.dk/shop/ ; E-mails: ['info@customiseme.dk']
INFO : Subpage: https://customiseme.dk/shop/ ; Phone numbers: ['42657603']
INFO : Subpage:https://customiseme.dk/product/patchouli-soap/
INFO : Subpage: https://customiseme.dk/product/patchouli-soap/ ; E-mails: ['info@customiseme.dk']
INFO : Subpage: https://customiseme.dk/product/patchouli-soap/ ; Phone numbers: ['42657603']
INFO : Subpage:https://customiseme.dk/product/wannabe-hipster/
INFO : Subpage: https://customiseme.dk/product/wannabe-hipster/ ; E-mails: ['info@customiseme.dk']
INFO : Subpage: https://customiseme.dk/product/wannabe-hipster/ ; Phone numbers: ['42657603']
INFO : Subpage:https://customiseme.dk/feed/
INFO : Subpage:https://customiseme.dk/product/harmonizing-soap/
INFO : Subpage: https://customiseme.dk/product/harmonizing-soap/ ; E-mails: ['info@customiseme.dk']
INFO : Subpage: https://customiseme.dk/product/harmonizing-soap/ ; Phone numbers: ['42657603']
INFO : Subpage:https://customiseme.dk//fonts.googleapis.com
INFO : Subpage: https://customiseme.dk//fonts.googleapis.com ; E-mails: ['info@customiseme.dk']
INFO : Subpage: https://customiseme.dk//fonts.googleapis.com ; Phone numbers: ['42657603']
INFO : Subpage:https://customiseme.dk/product/soap-0-1/
INFO : Subpage: https://customiseme.dk/product/soap-0-1/ ; E-mails: ['info@customiseme.dk']
INFO : Subpage: https://customiseme.dk/product/soap-0-1/ ; Phone numbers: ['42657603']
INFO : Site: https://customiseme.dk/ ; e-mails: {'info@customiseme.dk'} ; phone numbers: {'42657603'} ; contact_pages: ['https://customiseme.dk/contact/'] ; legal_pages: ['https://customiseme.dk/cookie-privacy-policy/'] ; about_us_pages: ['https://customiseme.dk/about-us/']
INFO : 
Page: https://simreka.com/
INFO : Subpage:https://simreka.com/about-us/
INFO : Subpage: https://simreka.com/about-us/ ; E-mails: ['HELLO@SIMREKA.COM', '20hello@simreka.com']
INFO : Subpage:https://simreka.com/contact/
INFO : Subpage: https://simreka.com/contact/ ; E-mails: ['HELLO@SIMREKA.COM', 'hello@simreka.com', '20hello@simreka.com']
INFO : Subpage: https://simreka.com/contact/ ; Phone numbers: ['+31308080139', '+4915145084654', '+917892219428']
INFO : Subpage:https://simreka.com/cloud-data-threat-analysis-simreka/
INFO : Subpage: https://simreka.com/cloud-data-threat-analysis-simreka/ ; E-mails: ['HELLO@SIMREKA.COM', 'info@simreka.com', '20hello@simreka.com']
INFO : Subpage:https://simreka.com/on-premise-v-s-cloud-deployment/
INFO : Subpage: https://simreka.com/on-premise-v-s-cloud-deployment/ ; E-mails: ['HELLO@SIMREKA.COM', '20hello@simreka.com']
INFO : Subpage:https://simreka.com//simreka.com/request-demo/
INFO : Subpage: https://simreka.com//simreka.com/request-demo/ ; E-mails: ['HELLO@SIMREKA.COM', '20hello@simreka.com']
INFO : Subpage:https://simreka.com/data-security-policy/
INFO : Subpage: https://simreka.com/data-security-policy/ ; E-mails: ['HELLO@SIMREKA.COM', 'info@simreka.com', '20hello@simreka.com']
INFO : Subpage:https://simreka.com/work-with-us/
INFO : Subpage: https://simreka.com/work-with-us/ ; E-mails: ['HELLO@SIMREKA.COM', 'hello@simreka.com', '20hello@simreka.com']
INFO : Subpage:https://simreka.com//simreka.com/for-brands/
INFO : Subpage: https://simreka.com//simreka.com/for-brands/ ; E-mails: ['HELLO@SIMREKA.COM', '20hello@simreka.com']
INFO : Subpage:https://simreka.com/manufacturers/
INFO : Subpage: https://simreka.com/manufacturers/ ; E-mails: ['HELLO@SIMREKA.COM', '20hello@simreka.com']
INFO : Subpage:https://simreka.com/for-brands/
INFO : Subpage: https://simreka.com/for-brands/ ; E-mails: ['HELLO@SIMREKA.COM', '20hello@simreka.com']
INFO : Subpage:https://simreka.com//simreka.com/solution/
INFO : Subpage: https://simreka.com//simreka.com/solution/ ; E-mails: ['HELLO@SIMREKA.COM', '20hello@simreka.com']
INFO : Subpage:https://simreka.com/simreka-press-release/
INFO : Subpage: https://simreka.com/simreka-press-release/ ; E-mails: ['HELLO@SIMREKA.COM', 'hello@simreka.com', '20hello@simreka.com']
INFO : Subpage: https://simreka.com/simreka-press-release/ ; Phone numbers: ['+31308080139']
INFO : Subpage:https://simreka.com/
INFO : Subpage: https://simreka.com/ ; E-mails: ['HELLO@SIMREKA.COM', '20hello@simreka.com']
INFO : Subpage:https://simreka.com//simreka.com/manufacturers
INFO : Subpage: https://simreka.com//simreka.com/manufacturers ; E-mails: ['HELLO@SIMREKA.COM', '20hello@simreka.com']
INFO : Subpage:https://simreka.com//simreka.com/contact/
INFO : Subpage: https://simreka.com//simreka.com/contact/ ; E-mails: ['HELLO@SIMREKA.COM', 'hello@simreka.com', '20hello@simreka.com']
INFO : Subpage: https://simreka.com//simreka.com/contact/ ; Phone numbers: ['+31308080139', '+4915145084654', '+917892219428']
INFO : Subpage:https://simreka.com/simreka-blog/
INFO : Subpage: https://simreka.com/simreka-blog/ ; E-mails: ['HELLO@SIMREKA.COM', '20hello@simreka.com']
INFO : Subpage:https://simreka.com/privacy-policy/
INFO : Subpage: https://simreka.com/privacy-policy/ ; E-mails: ['HELLO@SIMREKA.COM', 'hello@simreka.com', '20hello@simreka.com']
INFO : Subpage:https://simreka.com/security-features/
INFO : Subpage: https://simreka.com/security-features/ ; E-mails: ['HELLO@SIMREKA.COM', 'info@simreka.com', '20hello@simreka.com']
INFO : Site: https://simreka.com/ ; e-mails: {'HELLO@SIMREKA.COM', 'hello@simreka.com', 'info@simreka.com', '20hello@simreka.com'} ; phone numbers: {'+4915145084654', '+917892219428', '+31308080139'} ; contact_pages: ['https://simreka.com/contact/', 'https://simreka.com///simreka.com/contact/'] ; legal_pages: ['https://simreka.com/privacy-policy/'] ; about_us_pages: ['https://simreka.com/about-us/']
INFO : 
Page: https://www.doghammer.de/
INFO : Subpage:https://www.doghammer.de/versandkosten
INFO : Subpage:https://www.doghammer.de/herren/
INFO : Subpage: https://www.doghammer.de/herren/ ; E-mails: ['team@doghammer.de']
INFO : Subpage: https://www.doghammer.de/herren/ ; Phone numbers: ['80317968736', '80317968736']
INFO : Subpage:https://www.doghammer.de/kollektionen/portfolio/4469/zehentrenner
INFO : Subpage: https://www.doghammer.de/kollektionen/portfolio/4469/zehentrenner ; E-mails: ['team@doghammer.de']
INFO : Subpage: https://www.doghammer.de/kollektionen/portfolio/4469/zehentrenner ; Phone numbers: ['80317968736', '80317968736']
INFO : Subpage:https://www.doghammer.de/geschenkideen/herren/
INFO : Subpage:https://www.doghammer.de/fussumfang-messen
INFO : Subpage:https://www.doghammer.de/herren/huettenschuhe/
INFO : Subpage:https://www.doghammer.de/damen/hausschuhe/
INFO : Subpage:https://www.doghammer.de/geschenkideen/damen/
INFO : Subpage:https://www.doghammer.de/fusslaenge-messen
INFO : Subpage:https://www.doghammer.de/geschenke/
INFO : Subpage:https://www.doghammer.de/sneaker/sommer/
INFO : Subpage:https://www.doghammer.de/herren/winterschuhe/
INFO : Subpage:https://www.doghammer.de/custom/index/sCustom/89
INFO : Subpage:https://www.doghammer.de/facebookPixelPrivacy/activate
INFO : Subpage: https://www.doghammer.de/facebookPixelPrivacy/activate ; E-mails: ['team@doghammer.de']
INFO : Subpage: https://www.doghammer.de/facebookPixelPrivacy/activate ; Phone numbers: ['80317968736', '80317968736']
INFO : Subpage:https://www.doghammer.de/herren/sneaker/
INFO : Subpage:https://www.doghammer.de/magazin/?s=cork+collect
INFO : Subpage: https://www.doghammer.de/magazin/?s=cork+collect ; E-mails: ['team@doghammer.de']
INFO : Subpage: https://www.doghammer.de/magazin/?s=cork+collect ; Phone numbers: ['7968736']
INFO : Subpage:https://www.doghammer.de/herren/bestseller/
INFO : Subpage:https://www.doghammer.de/umtausch-rueckgabe
INFO : Subpage:https://www.doghammer.de/nachhaltigkeit/
INFO : Subpage:https://www.doghammer.de/schuhglossar/
INFO : Subpage: https://www.doghammer.de/schuhglossar/ ; E-mails: ['team@doghammer.de']
INFO : Subpage: https://www.doghammer.de/schuhglossar/ ; Phone numbers: ['80317968736', '80317968736']
INFO : Subpage:https://www.doghammer.de/kinder/bestseller/
INFO : Subpage: https://www.doghammer.de/kinder/bestseller/ ; E-mails: ['team@doghammer.de']
INFO : Subpage: https://www.doghammer.de/kinder/bestseller/ ; Phone numbers: ['80317968736', '80317968736']
INFO : Subpage:https://www.doghammer.de/datenschutz
INFO : Subpage: https://www.doghammer.de/datenschutz ; E-mails: ['service@quotatis.de', 'team@doghammer.de']
INFO : Subpage: https://www.doghammer.de/datenschutz ; Phone numbers: ['80317968736', '7968736', '80317968736', '80317968736']
INFO : Subpage:https://www.doghammer.de/hausschuhe/
INFO : Subpage:https://www.doghammer.de/schuhglossar/
INFO : Subpage: https://www.doghammer.de/schuhglossar/ ; E-mails: ['team@doghammer.de']
INFO : Subpage: https://www.doghammer.de/schuhglossar/ ; Phone numbers: ['80317968736', '80317968736']
INFO : Subpage:https://www.doghammer.de/herren/wanderschuhe/
INFO : Subpage:https://www.doghammer.de/herren/gefragt/
INFO : Subpage:https://www.doghammer.de/zustiegsschuhe/
INFO : Subpage:https://www.doghammer.de/zehentrenner/
INFO : Subpage:https://www.doghammer.de/doghammer-s-verschenken/
INFO : Subpage:https://www.doghammer.de/kollektionen/portfolio/4467/huettenschuhe
INFO : Subpage: https://www.doghammer.de/kollektionen/portfolio/4467/huettenschuhe ; E-mails: ['team@doghammer.de']
INFO : Subpage: https://www.doghammer.de/kollektionen/portfolio/4467/huettenschuhe ; Phone numbers: ['80317968736', '80317968736']
INFO : Subpage:https://www.doghammer.de/material-verpackung/
INFO : Subpage:https://www.doghammer.de/magazin/klettern-bouldern-einarmiger-klimmzug/
INFO : Subpage: https://www.doghammer.de/magazin/klettern-bouldern-einarmiger-klimmzug/ ; E-mails: ['team@doghammer.de']
INFO : Subpage: https://www.doghammer.de/magazin/klettern-bouldern-einarmiger-klimmzug/ ; Phone numbers: ['7968736']
INFO : Subpage:https://www.doghammer.de/damen/schuhe/
INFO : Subpage: https://www.doghammer.de/damen/schuhe/ ; E-mails: ['team@doghammer.de']
INFO : Subpage: https://www.doghammer.de/damen/schuhe/ ; Phone numbers: ['80317968736', '80317968736']
INFO : Subpage:https://www.doghammer.de/damenschuhe/vegan/
INFO : Subpage: https://www.doghammer.de/damenschuhe/vegan/ ; E-mails: ['team@doghammer.de']
INFO : Subpage: https://www.doghammer.de/damenschuhe/vegan/ ; Phone numbers: ['80317968736', '80317968736']
INFO : Subpage:https://www.doghammer.de/zehentrenner/konfigurator/
INFO : Subpage: https://www.doghammer.de/zehentrenner/konfigurator/ ; E-mails: ['team@doghammer.de']
INFO : Subpage: https://www.doghammer.de/zehentrenner/konfigurator/ ; Phone numbers: ['80317968736', '80317968736']
INFO : Subpage:https://www.doghammer.de/magazin/category/schuhlexikon/
INFO : Subpage: https://www.doghammer.de/magazin/category/schuhlexikon/ ; E-mails: ['team@doghammer.de']
INFO : Subpage: https://www.doghammer.de/magazin/category/schuhlexikon/ ; Phone numbers: ['7968736']
INFO : Subpage:https://www.doghammer.de/herren/produkte/huettenschuhe/3938/huette-zua-vegan-kids
INFO : Subpage:https://www.doghammer.de/magazin/die-heuberg-krokusbluete-ein-must-have-auf-deiner-bucket-list/
INFO : Subpage: https://www.doghammer.de/magazin/die-heuberg-krokusbluete-ein-must-have-auf-deiner-bucket-list/ ; E-mails: ['team@doghammer.de']
INFO : Subpage: https://www.doghammer.de/magazin/die-heuberg-krokusbluete-ein-must-have-auf-deiner-bucket-list/ ; Phone numbers: ['7968736']
INFO : Subpage:https://www.doghammer.de/accessoires/
INFO : Subpage:https://www.doghammer.de/herren/zehentrenner/
INFO : Subpage:https://www.doghammer.de/zahlungsmethoden
INFO : Subpage: https://www.doghammer.de/zahlungsmethoden ; E-mails: ['team@doghammer.de']
INFO : Subpage: https://www.doghammer.de/zahlungsmethoden ; Phone numbers: ['80317968736', '80317968736']
INFO : Subpage:https://www.doghammer.de/herren/trekkingsandalen/
INFO : Subpage: https://www.doghammer.de/herren/trekkingsandalen/ ; E-mails: ['team@doghammer.de']
INFO : Subpage: https://www.doghammer.de/herren/trekkingsandalen/ ; Phone numbers: ['80317968736', '80317968736']
INFO : Subpage:https://www.doghammer.de/sneaker/winter/
INFO : Subpage: https://www.doghammer.de/sneaker/winter/ ; E-mails: ['team@doghammer.de']
INFO : Subpage: https://www.doghammer.de/sneaker/winter/ ; Phone numbers: ['80317968736', '80317968736']
INFO : Subpage:https://www.doghammer.de/impressum
INFO : Subpage:https://www.doghammer.de/hand-g-macht-in-bayern
INFO : Subpage:https://www.doghammer.de/kontaktformular
INFO : Subpage:https://www.doghammer.de/shop/damen/
INFO : Subpage: https://www.doghammer.de/shop/damen/ ; E-mails: ['team@doghammer.de']
INFO : Subpage: https://www.doghammer.de/shop/damen/ ; Phone numbers: ['80317968736', '80317968736']
INFO : Subpage:https://www.doghammer.de/widerrufsformular
INFO : Subpage: https://www.doghammer.de/widerrufsformular ; E-mails: ['team@doghammer.de']
INFO : Subpage: https://www.doghammer.de/widerrufsformular ; Phone numbers: ['80317968736', '80317968736', '80317968736']
INFO : Subpage:https://www.doghammer.de/konfigurator/
INFO : Subpage: https://www.doghammer.de/konfigurator/ ; E-mails: ['team@doghammer.de']
INFO : Subpage: https://www.doghammer.de/konfigurator/ ; Phone numbers: ['80317968736', '80317968736']
INFO : Subpage:https://www.doghammer.de/damen/gefragt/
INFO : Subpage: https://www.doghammer.de/damen/gefragt/ ; E-mails: ['team@doghammer.de']
INFO : Subpage: https://www.doghammer.de/damen/gefragt/ ; Phone numbers: ['80317968736', '80317968736']
INFO : Subpage:https://www.doghammer.de/magazin/ressourcen-schonen-durch-korken-recycling/
INFO : Subpage: https://www.doghammer.de/magazin/ressourcen-schonen-durch-korken-recycling/ ; E-mails: ['team@doghammer.de']
INFO : Subpage: https://www.doghammer.de/magazin/ressourcen-schonen-durch-korken-recycling/ ; Phone numbers: ['5113815', '7968736']
INFO : Subpage:https://www.doghammer.de/media/vector/1c/6b/20/Doghammer_LogoLyEK7ytEnOrM5.svg
INFO : Subpage:https://www.doghammer.de/magazin/wandern-mit-kindern-darauf-kommt-es-an/
INFO : Subpage: https://www.doghammer.de/magazin/wandern-mit-kindern-darauf-kommt-es-an/ ; E-mails: ['team@doghammer.de']
INFO : Subpage: https://www.doghammer.de/magazin/wandern-mit-kindern-darauf-kommt-es-an/ ; Phone numbers: ['7968736']
INFO : Subpage:https://www.doghammer.de/accessoires/reparatur/
INFO : Subpage:https://www.doghammer.de/kollektionen/portfolio/4468/winterschuhe
INFO : Subpage: https://www.doghammer.de/kollektionen/portfolio/4468/winterschuhe ; E-mails: ['xyz@mail.de']
INFO : Subpage: https://www.doghammer.de/kollektionen/portfolio/4468/winterschuhe ; Phone numbers: ['80317968736']
INFO : Subpage:https://www.doghammer.de/herren/fahrradschuhe/
INFO : Subpage: https://www.doghammer.de/herren/fahrradschuhe/ ; E-mails: ['xyz@mail.de']
INFO : Subpage: https://www.doghammer.de/herren/fahrradschuhe/ ; Phone numbers: ['80317968736']
INFO : Subpage:https://www.doghammer.de/kollektionen/portfolio/4465/zustiegsschuhe
INFO : Subpage: https://www.doghammer.de/kollektionen/portfolio/4465/zustiegsschuhe ; E-mails: ['xyz@mail.de']
INFO : Subpage: https://www.doghammer.de/kollektionen/portfolio/4465/zustiegsschuhe ; Phone numbers: ['80317968736']
INFO : Subpage:https://www.doghammer.de/damenschuhe/recycling/
INFO : Subpage: https://www.doghammer.de/damenschuhe/recycling/ ; E-mails: ['xyz@mail.de']
INFO : Subpage: https://www.doghammer.de/damenschuhe/recycling/ ; Phone numbers: ['80317968736']
INFO : Subpage:https://www.doghammer.de/magazin/deutscher-nachhaltigkeitspreis-fuer-doghammers-cork-collect/
INFO : Subpage: https://www.doghammer.de/magazin/deutscher-nachhaltigkeitspreis-fuer-doghammers-cork-collect/ ; E-mails: ['team@doghammer.de']
INFO : Subpage: https://www.doghammer.de/magazin/deutscher-nachhaltigkeitspreis-fuer-doghammers-cork-collect/ ; Phone numbers: ['7968736']
INFO : Subpage:https://www.doghammer.de/herrenschuhe/recycling/
INFO : Subpage:https://www.doghammer.de/accessoires/pflegeprodukte/
INFO : Subpage: https://www.doghammer.de/accessoires/pflegeprodukte/ ; E-mails: ['xyz@mail.de']
INFO : Subpage: https://www.doghammer.de/accessoires/pflegeprodukte/ ; Phone numbers: ['80317968736']
INFO : Subpage:https://www.doghammer.de/shop/herren/
INFO : Subpage: https://www.doghammer.de/shop/herren/ ; E-mails: ['xyz@mail.de']
INFO : Subpage: https://www.doghammer.de/shop/herren/ ; Phone numbers: ['80317968736']
INFO : Subpage:https://www.doghammer.de/Filialfinder
INFO : Subpage: https://www.doghammer.de/Filialfinder ; E-mails: ['xyz@mail.de']
INFO : Subpage: https://www.doghammer.de/Filialfinder ; Phone numbers: ['80317968736']
INFO : Subpage:https://www.doghammer.de/damen/wanderschuhe/
INFO : Subpage:https://www.doghammer.de/wanderschuhe/wasserdicht/
INFO : Subpage:https://www.doghammer.de/accessoires/socken/
INFO : Subpage:https://www.doghammer.de/facebookPixelPrivacy/close
INFO : Subpage:https://www.doghammer.de/schuhberatung
INFO : Subpage: https://www.doghammer.de/schuhberatung ; E-mails: ['xyz@mail.de', 'team@doghammer.de']
INFO : Subpage: https://www.doghammer.de/schuhberatung ; Phone numbers: ['+4980317968736']
INFO : Subpage:https://www.doghammer.de/magazin/wissenswertes-ueber-die-kork-eiche/
INFO : Subpage: https://www.doghammer.de/magazin/wissenswertes-ueber-die-kork-eiche/ ; E-mails: ['team@doghammer.de']
INFO : Subpage: https://www.doghammer.de/magazin/wissenswertes-ueber-die-kork-eiche/ ; Phone numbers: ['7968736']
INFO : Subpage:https://www.doghammer.de/kollektionen/portfolio/4464/sneaker
INFO : Subpage:https://www.doghammer.de/damen/
INFO : Subpage:https://www.doghammer.de/kinder/schuhe/
INFO : Subpage:https://www.doghammer.de/testcenter/
INFO : Subpage:https://www.doghammer.de/accessoires/korkkeramik/
INFO : Subpage: https://www.doghammer.de/accessoires/korkkeramik/ ; E-mails: ['xyz@mail.de']
INFO : Subpage: https://www.doghammer.de/accessoires/korkkeramik/ ; Phone numbers: ['80317968736']
INFO : Subpage:https://www.doghammer.de/accessoires/Gutscheine/
INFO : Subpage: https://www.doghammer.de/accessoires/Gutscheine/ ; E-mails: ['xyz@mail.de']
INFO : Subpage: https://www.doghammer.de/accessoires/Gutscheine/ ; Phone numbers: ['80317968736']
INFO : Subpage:https://www.doghammer.de/accessoires/gutscheine/
INFO : Subpage: https://www.doghammer.de/accessoires/gutscheine/ ; E-mails: ['xyz@mail.de']
INFO : Subpage: https://www.doghammer.de/accessoires/gutscheine/ ; Phone numbers: ['80317968736']
INFO : Subpage:https://www.doghammer.de/kinder/
INFO : Subpage: https://www.doghammer.de/kinder/ ; E-mails: ['xyz@mail.de']
INFO : Subpage: https://www.doghammer.de/kinder/ ; Phone numbers: ['80317968736']
INFO : Subpage:https://www.doghammer.de/faq
INFO : Subpage: https://www.doghammer.de/faq ; E-mails: ['xyz@mail.de', 'team@doghammer.de']
INFO : Subpage: https://www.doghammer.de/faq ; Phone numbers: ['+4980317968736']
INFO : Subpage:https://www.doghammer.de/umtausch-rueckgabe
INFO : Subpage: https://www.doghammer.de/umtausch-rueckgabe ; E-mails: ['xyz@mail.de']
INFO : Subpage: https://www.doghammer.de/umtausch-rueckgabe ; Phone numbers: ['80317968736']
INFO : Subpage:https://www.doghammer.de/sneaker/
INFO : Subpage: https://www.doghammer.de/sneaker/ ; E-mails: ['xyz@mail.de']
INFO : Subpage: https://www.doghammer.de/sneaker/ ; Phone numbers: ['80317968736']
INFO : Subpage:https://www.doghammer.de/checkout/cart
INFO : Subpage: https://www.doghammer.de/checkout/cart ; E-mails: ['xyz@mail.de']
INFO : Subpage: https://www.doghammer.de/checkout/cart ; Phone numbers: ['80317968736']
INFO : Subpage:https://www.doghammer.de/herrenschuhe/vegan/
INFO : Subpage: https://www.doghammer.de/herrenschuhe/vegan/ ; E-mails: ['xyz@mail.de']
INFO : Subpage: https://www.doghammer.de/herrenschuhe/vegan/ ; Phone numbers: ['80317968736']
INFO : Subpage:https://www.doghammer.de/en/
INFO : Subpage: https://www.doghammer.de/en/ ; E-mails: ['xyz@mail.de']
INFO : Subpage: https://www.doghammer.de/en/ ; Phone numbers: ['80317968736']
INFO : Subpage:https://www.doghammer.de/damen/huettenschuhe/
INFO : Subpage: https://www.doghammer.de/damen/huettenschuhe/ ; E-mails: ['xyz@mail.de']
INFO : Subpage: https://www.doghammer.de/damen/huettenschuhe/ ; Phone numbers: ['80317968736']
INFO : Subpage:https://www.doghammer.de/herrenschuhe/wasserdicht/
INFO : Subpage: https://www.doghammer.de/herrenschuhe/wasserdicht/ ; E-mails: ['xyz@mail.de']
INFO : Subpage: https://www.doghammer.de/herrenschuhe/wasserdicht/ ; Phone numbers: ['80317968736']
INFO : Subpage:https://www.doghammer.de/kollektionen/kollektion-ss22/
INFO : Subpage:https://www.doghammer.de/versandkosten/
INFO : Subpage:https://www.doghammer.de/magazin/weinkorken-sammeln-und-ressourcen-schonen/
INFO : Subpage: https://www.doghammer.de/magazin/weinkorken-sammeln-und-ressourcen-schonen/ ; E-mails: ['team@doghammer.de']
INFO : Subpage: https://www.doghammer.de/magazin/weinkorken-sammeln-und-ressourcen-schonen/ ; Phone numbers: ['5113815', '7968736']
INFO : Subpage:https://www.doghammer.de/widerrufsrecht
INFO : Subpage: https://www.doghammer.de/widerrufsrecht ; E-mails: ['xyz@mail.de']
INFO : Subpage: https://www.doghammer.de/widerrufsrecht ; Phone numbers: ['80317968736']
INFO : Subpage:https://www.doghammer.de/kinder/huettenschuhe/
INFO : Subpage: https://www.doghammer.de/kinder/huettenschuhe/ ; E-mails: ['team@doghammer.de']
INFO : Subpage: https://www.doghammer.de/kinder/huettenschuhe/ ; Phone numbers: ['80317968736', '80317968736']
INFO : Subpage:https://www.doghammer.de/shop/faire-trekking-wanderschuhe/zustiegsschuhe/https://www.doghammer.de/testcenter/
INFO : Subpage: https://www.doghammer.de/shop/faire-trekking-wanderschuhe/zustiegsschuhe/https://www.doghammer.de/testcenter/ ; E-mails: ['team@doghammer.de']
INFO : Subpage: https://www.doghammer.de/shop/faire-trekking-wanderschuhe/zustiegsschuhe/https://www.doghammer.de/testcenter/ ; Phone numbers: ['80317968736', '80317968736']
INFO : Subpage:https://www.doghammer.de/jobs
INFO : Subpage: https://www.doghammer.de/jobs ; E-mails: ['team@doghammer.de']
INFO : Subpage: https://www.doghammer.de/jobs ; Phone numbers: ['80317968736', '80317968736']
INFO : Subpage:https://www.doghammer.de/huettenschuhe/
INFO : Subpage:https://www.doghammer.de/damen/zehentrenner/
INFO : Subpage:https://www.doghammer.de/agb
INFO : Subpage:https://www.doghammer.de/herren/sneaker/vegan/
INFO : Subpage:https://www.doghammer.de/wanderschuhe/
INFO : Subpage: https://www.doghammer.de/wanderschuhe/ ; E-mails: ['xyz@mail.de']
INFO : Subpage: https://www.doghammer.de/wanderschuhe/ ; Phone numbers: ['80317968736']
INFO : Subpage:https://www.doghammer.de/note
INFO : Subpage: https://www.doghammer.de/note ; E-mails: ['team@doghammer.de']
INFO : Subpage: https://www.doghammer.de/note ; Phone numbers: ['80317968736', '80317968736']
INFO : Subpage:https://www.doghammer.de/damen/chelsea-boots/
INFO : Subpage:https://www.doghammer.de/reparatur/
INFO : Subpage:https://www.doghammer.de/herren/produkte/
INFO : Subpage:https://www.doghammer.de/datenschutz
INFO : Subpage: https://www.doghammer.de/datenschutz ; E-mails: ['service@quotatis.de', 'team@doghammer.de']
INFO : Subpage: https://www.doghammer.de/datenschutz ; Phone numbers: ['80317968736', '7968736', '80317968736', '80317968736']
INFO : Subpage:https://www.doghammer.de/groessentabelle
INFO : Subpage: https://www.doghammer.de/groessentabelle ; E-mails: ['team@doghammer.de']
INFO : Subpage: https://www.doghammer.de/groessentabelle ; Phone numbers: ['80317968736', '80317968736']
INFO : Subpage:https://www.doghammer.de/
INFO : Subpage: https://www.doghammer.de/ ; E-mails: ['team@doghammer.de']
INFO : Subpage: https://www.doghammer.de/ ; Phone numbers: ['80317968736', '80317968736']
INFO : Subpage:https://www.doghammer.de/damen/eigenschaften/
INFO : Subpage:https://www.doghammer.de/b2b/account
INFO : Subpage: https://www.doghammer.de/b2b/account ; Phone numbers: ['+4980317968736']
INFO : Subpage:https://www.doghammer.de/damenschuhe/winter/
INFO : Subpage:https://www.doghammer.de/sale/
INFO : Subpage:https://www.doghammer.de/damen/bestseller/
INFO : Subpage:https://www.doghammer.de/damenschuhe/wasserdicht/
INFO : Subpage:https://www.doghammer.de/accessoires/workshops/
INFO : Subpage:https://www.doghammer.de/fussumfang-messen
INFO : Subpage:https://www.doghammer.de/account
INFO : Subpage:https://www.doghammer.de/damen/sneaker/
INFO : Subpage: https://www.doghammer.de/damen/sneaker/ ; E-mails: ['team@doghammer.de']
INFO : Subpage: https://www.doghammer.de/damen/sneaker/ ; Phone numbers: ['80317968736', '80317968736']
INFO : Subpage:https://www.doghammer.de/beratungsvideo
INFO : Subpage: https://www.doghammer.de/beratungsvideo ; E-mails: ['team@doghammer.de']
INFO : Subpage: https://www.doghammer.de/beratungsvideo ; Phone numbers: ['+4980317968736']
INFO : Subpage:https://www.doghammer.de/magazin/yoga-und-wandern-ergaenzt-sich-perfekt/
INFO : Subpage: https://www.doghammer.de/magazin/yoga-und-wandern-ergaenzt-sich-perfekt/ ; E-mails: ['team@doghammer.de']
INFO : Subpage: https://www.doghammer.de/magazin/yoga-und-wandern-ergaenzt-sich-perfekt/ ; Phone numbers: ['7968736']
INFO : Subpage:https://www.doghammer.de/reklamation
INFO : Subpage:https://www.doghammer.de/faq
INFO : Subpage:https://www.doghammer.de/zubehoer/
INFO : Subpage:https://www.doghammer.de/sneaker/vegan/
INFO : Subpage:https://www.doghammer.de/zahlungsmethoden
INFO : Subpage:https://www.doghammer.de/kinderschuhe/recycling/
INFO : Subpage:https://www.doghammer.de/kinderschuhe/vegan/
INFO : Subpage:https://www.doghammer.de/service/allgemein/doghammer-s-verschenken/
INFO : Subpage:https://www.doghammer.de/material-verpackung/
INFO : Subpage:https://www.doghammer.de/magazin
INFO : Subpage: https://www.doghammer.de/magazin ; E-mails: ['team@doghammer.de']
INFO : Subpage: https://www.doghammer.de/magazin ; Phone numbers: ['7968736']
INFO : Subpage:https://www.doghammer.de/sneaker/fahrrad/
INFO : Subpage:https://www.doghammer.de/herren/hausschuhe/
INFO : Subpage:https://www.doghammer.de/kinder/gefragt/
INFO : Subpage:https://www.doghammer.de/versandkosten
INFO : Subpage:https://www.doghammer.de/magazin/category/schuhlexikon/schuh-beratung/
INFO : Subpage: https://www.doghammer.de/magazin/category/schuhlexikon/schuh-beratung/ ; E-mails: ['team@doghammer.de']
INFO : Subpage: https://www.doghammer.de/magazin/category/schuhlexikon/schuh-beratung/ ; Phone numbers: ['7968736']
INFO : Subpage:https://www.doghammer.de/nachhaltigkeit/
INFO : Subpage:https://www.doghammer.de/magazin/how-to-baerlauch-selber-pfluecken/
INFO : Subpage: https://www.doghammer.de/magazin/how-to-baerlauch-selber-pfluecken/ ; E-mails: ['team@doghammer.de']
INFO : Subpage: https://www.doghammer.de/magazin/how-to-baerlauch-selber-pfluecken/ ; Phone numbers: ['7968736']
INFO : Subpage:https://www.doghammer.de/accessoires/workshops/
INFO : Subpage:https://www.doghammer.de/kollektionen/portfolio/4466/wanderschuhe
INFO : Subpage:https://www.doghammer.de/accessoires/
INFO : Subpage:https://www.doghammer.de/accessoires/selfmade-workshops/
