INFO : 
Page: https://www.grofit.eu/
INFO : initializing identifier
INFO : site language: en
INFO : List of subpages: ['//fonts.gstatic.com/s/poppins/v5/9VWMTeb5jtXkNoTv949Npfk_vArhqVIZ0nv9q090hN8.woff2', 'https://www.grofit.eu/partners', 'https://www.grofit.eu/cookies', 'https://www.grofit.eu/blog', 'https://www.grofit.eu/impact-investing', 'https://www.grofit.eu/contact', 'https://www.grofit.eu/why-impact-invest-now', 'https://www.grofit.eu/privacy']
INFO : 
Page: https://www.corrosionradar.com/
INFO : site language: en
INFO : List of subpages: ['https://www.corrosionradar.com/products', 'https://www.corrosionradar.com/people-1', 'https://www.corrosionradar.com/news', 'https://www.corrosionradar.com/applications', '//fonts.gstatic.com/s/raleway/v26/1Ptsg8zYS_SKggPNyCg4QIFqL_KWxWMT.woff2', 'https://www.corrosionradar.com/technology', 'https://www.corrosionradar.com/careers', 'https://www.corrosionradar.com/newsarchive', 'https://www.corrosionradar.com/contact', 'https://www.corrosionradar.com/events']
INFO : 
Page: https://www.codioimpact.com/
INFO : site language: en
INFO : List of subpages: ['/about-us', '/imprint', '/en-blog/guide-german-supply-chain-law', '/privacy-policy', '/de', '/en-blog/5-new-requirements-for-sustainability-reporting-in-2022', '/en-blog/why-materiality-analyses-are-so-important-for-companies', '/contact', 'https://www.codioimpact.com/en-blog/5-new-requirements-for-sustainability-reporting-in-2022', '/request-demo', '/supply-chain-act']
INFO : 
Page: https://app.wasteout.ru/
INFO : site language: ru
INFO : alternate_urls: ['https://app.wasteout.en', 'https://app.wasteout.ru//en']
INFO : List of subpages: ['https://app.wasteout.ru/web/restpoints/', 'https://app.wasteout.ru/web/help', 'https://app.wasteout.ru/web/plan/workdays', 'https://app.wasteout.ru/web/', 'https://app.wasteout.ru/web/overview/', 'https://app.wasteout.ru/web/prop', 'https://app.wasteout.ru/web/pswdrecover', 'https://app.wasteout.ru/web/dictionarys']
INFO : 
Page: https://www.agrionica.com/
INFO : site language: ru
INFO : alternate_urls: ['https://www.agrionica.en', 'https://www.agrionica.com//en']
INFO : List of subpages: []
INFO : 
Page: https://www.cyberquant.org/
INFO : site language: en
INFO : List of subpages: ['https://www.cyberquant.org/wp-content/themes/herodot/favicon.ico', '//s.w.org', 'https://www.cyberquant.org/platform/', 'https://www.cyberquant.org/vip-protection-programme/', 'https://www.cyberquant.org/blog-archive/', 'https://www.cyberquant.org/solutions/', '/privacy-policy', 'https://www.cyberquant.org/', 'https://www.cyberquant.org/privacy-policy/']
INFO : 
Page: https://plumetec.it/
INFO : site language: it
INFO : alternate_urls: ['https://plumetec.en', 'https://plumetec.it//en']
INFO : List of subpages: ['https://plumetec.it/flessibili-trattamento-film-plasma-freddo-funzionalizzazione-superfici', 'https://plumetec.it/servizi-ricerca-sviluppo-consulenza-formazione-divulgazione-plasma-freddo/#divulgazione', 'https://plumetec.it/disclaimer-contenuti-immagini-note-legali/', 'https://plumetec.it/servizi-ricerca-sviluppo-consulenza-formazione-divulgazione-plasma-freddo/#ricercaSviluppo', '//www.google.com', 'https://plumetec.it/contatti-informazioni-servizi-tecnologia-plasma/#modulo_contatto', 'https://plumetec.it/', 'https://plumetec.it/notizie/inaugurato-nuovo-sito-plumetec-svelato-logo-plume-srl.html', 'https://plumetec.it/filtrazione-plasma-freddo-filtranti-flessibili/', 'https://plumetec.it/privacy-cookies-policy', 'https://plumetec.it/filtrazione-plasma-freddo-filtranti-flessibili', 'https://plumetec.it/mappa-sito-alta-tecnologia-plasma-freddo', 'https://plumetec.it/strumenti-privacy', 'https://plumetec.it/privacy-cookies-policy/', 'https://plumetec.it/flessibili-trattamento-film-plasma-freddo-funzionalizzazione-superfici/', 'https://plumetec.it/chi-siamo-mission-aziendale', 'https://plumetec.it/servizi-ricerca-sviluppo-consulenza-formazione-divulgazione-plasma-freddo', 'https://plumetec.it/tessile-trattamento-plasma-funzionalizzazione-tessuti', 'https://plumetec.it/tessile-trattamento-plasma-funzionalizzazione-tessuti/', 'https://plumetec.it/contatti-informazioni-servizi-tecnologia-plasma', '//s.w.org', 'https://plumetec.it/tecnologia-plasma-freddo-supersonico-atmosferico-in-vuoto', 'https://plumetec.it/eventi-news-tecnologia-plasma-freddo', '//fonts.googleapis.com', 'https://plumetec.it/servizi-ricerca-sviluppo-consulenza-formazione-divulgazione-plasma-freddo/#consulenzaAziende', 'https://plumetec.it/en', '//fonts.googleapis.com', '//www.google.com', '//s.w.org', '//fonts.googleapis.com', '//www.google.com', '//s.w.org']
INFO : 
Page: https://www.ilovesnacks.co.uk/
INFO : site language: en
INFO : List of subpages: ['https://www.ilovesnacks.co.uk/privacy-policy/', 'https://www.ilovesnacks.co.uk/legal-information/', 'https://www.ilovesnacks.co.uk/about/', 'https://www.ilovesnacks.co.uk/shop/', 'https://www.ilovesnacks.co.uk/feed/', 'https://www.ilovesnacks.co.uk/comments/feed/', 'https://www.ilovesnacks.co.uk/', 'https://www.ilovesnacks.co.uk/contact/', '//www.dwin1.com', '//s.w.org', 'https://www.ilovesnacks.co.uk/terms-conditions/', '//fonts.googleapis.com']
INFO : 
Page: https://www.tukea.de/
INFO : site language: de
INFO : alternate_urls: ['https://www.tukea.en', 'https://www.tukea.de//en']
INFO : List of subpages: ['/datenschutz/', '/testkundin-werden/', '/impressum/', '/cookie-einstellungen/', '/datenschutz/', '/testkundin-werden/', '/impressum/', '/cookie-einstellungen/', '/datenschutz/', '/testkundin-werden/', '/impressum/', '/cookie-einstellungen/']
INFO : 
Page: https://www.birch.earth/
INFO : site language: en
INFO : List of subpages: ['https://www.birch.earth/privacy-policy/', 'https://www.birch.earth/my-orders/', 'https://www.birch.earth/cart/', 'https://www.birch.earth/product-category/technology/', 'https://www.birch.earth/product-category/nature-based/woodland-creation/', 'https://www.birch.earth/product-category/nature-based/', 'https://www.birch.earth/shop/', 'https://www.birch.earth/feed/', 'https://www.birch.earth/my-account/lost-password/', 'https://www.birch.earth/vendors-how-it-works/', 'https://www.birch.earth/product-category/renewable-energy/', 'https://www.birch.earth/product-category/community-projects/improved-cookstoves/', 'https://www.birch.earth/', 'https://www.birch.earth/product-category/renewable-energy/wind-power/', 'https://www.birch.earth/product-category/technology/carbon-capture-storage/', 'https://www.birch.earth/product-category/renewable-energy/hydro-power/', 'https://www.birch.earth/sellers/', 'https://www.birch.earth/comments/feed/', 'https://www.birch.earth/my-account/', 'https://www.birch.earth/product-category/technology/direct-air-capture/', 'https://www.birch.earth/product-category/nature-based/peatland-restoration/', '//s.w.org', 'https://www.birch.earth/product-category/community-projects/', 'https://www.birch.earth/wishlist/', '//fonts.googleapis.com', 'https://www.birch.earth/product-category/renewable-energy/solar-power/', 'https://www.birch.earth/product-category/nature-based/avoided-deforestation/', 'https://www.birch.earth/product-category/community-projects/water-sanitation-hygiene/', 'https://www.birch.earth/terms-and-conditions/']
INFO : 
Page: http://benefacto.de/
INFO : site language: en
INFO : List of subpages: ['http://benefacto.de/impressum/', 'http://benefacto.de/comments/feed/', 'http://benefacto.de/', 'http://benefacto.de/no-current-jobs/', '//s.w.org', 'http://benefacto.de/category/jobs/', 'http://benefacto.de/feed/']
INFO : 
Page: https://www.circolution.com/
INFO : site language: en
INFO : List of subpages: ['https://www.circolution.com/the-system', 'https://www.circolution.com/imprint', 'https://www.circolution.com/', '//static.parastorage.com/services/third-party/fonts/user-site-fonts/fonts/d513e15e-8f35-4129-ad05-481815e52625.woff2', 'https://www.circolution.com/our-solution', 'https://www.circolution.com/contact', 'https://www.circolution.com/about-us', 'https://www.circolution.com/our-service']
INFO : 
Page: https://innova.co.uk/
INFO : site language: en
INFO : List of subpages: ['https://innova.co.uk/', 'https://innova.co.uk/sample-page/feed/', 'https://innova.co.uk/wp-content/themes/Divi/core/admin/fonts/modules.ttf', 'https://innova.co.uk/category/innova-renewables/', 'https://innova.co.uk/consultation-on-revised-national-policy-statements/', 'https://innova.co.uk/innova-property/', 'https://innova.co.uk/innova-capital/', 'https://innova.co.uk/people/', 'https://innova.co.uk/contact/', 'https://innova.co.uk/feed/', 'https://innova.co.uk/comments/feed/', 'https://innova.co.uk/innova-energy-acquired-by-elm-trading/', 'https://innova.co.uk/octopus-hydrogen-innova-renewables-and-novus-renewable-services-partner-to-produce-green-hydrogen/', 'https://innova.co.uk/category/innova-energy/', '//s.w.org', 'https://innova.co.uk/page/2/?et_blog', 'https://innova.co.uk/innova-consulting/', 'https://innova.co.uk/news/', 'https://innova.co.uk/innova-renewables/', 'https://innova.co.uk/category/uncategorized/', 'https://innova.co.uk/innova-ags/', 'https://innova.co.uk/category/innova-capital/']
INFO : 
Page: https://www.tinyfoods.nl/
INFO : site language: nl
INFO : alternate_urls: ['https://www.tinyfoods.en', 'https://www.tinyfoods.nl//en']
INFO : List of subpages: ['https://www.tinyfoods.nl/home3/', 'https://www.tinyfoods.nl/winkelmandje/', 'https://www.tinyfoods.nl/feed/', 'https://www.tinyfoods.nl/mijn-account/', 'https://www.tinyfoods.nl/zakelijk/', '//use.fontawesome.com', 'https://www.tinyfoods.nl/waarom-insecten-eten', '//connect.livechatinc.com', 'https://www.tinyfoods.nl/waarom-insecten-eten/', 'https://www.tinyfoods.nl/', 'https://www.tinyfoods.nl/het-assortiment/', 'https://www.tinyfoods.nl/comments/feed/', '//fonts.googleapis.com', 'https://www.tinyfoods.nl/het-assortiment', '//fonts.googleapis.com', '//connect.livechatinc.com', '//use.fontawesome.com', '//fonts.googleapis.com', '//connect.livechatinc.com', '//use.fontawesome.com']
INFO : 
Page: https://www.bioomix.com/
INFO : site language: en
INFO : List of subpages: ['https://www.bioomix.com/blog', 'https://www.bioomix.com/jobs', 'https://www.bioomix.com/contact', '//fonts.gstatic.com/s/roboto/v18/97uahxiqZRoncBaCEI3aW1tXRa8TVwTICgirnJhmVJw.woff2', 'https://www.bioomix.com/technology', 'https://www.bioomix.com/about']
INFO : 
Page: https://www.withdelve.com/
INFO : site language: en
INFO : List of subpages: []
INFO : 
Page: https://climasenergy.com/
INFO : site language: en
INFO : List of subpages: ['https://climasenergy.com/battery-rig/', 'https://climasenergy.com/climas-energy-ngo/', 'https://climasenergy.com/currencies-ce/', 'https://climasenergy.com/earn-ce-asserts/', 'https://climasenergy.com/sustainable-energy/', 'https://climasenergy.com/payg/', 'https://climasenergy.com/work-with-us-join-us/join-our-team/', 'https://climasenergy.com/sponsorship-inquiries/', 'https://climasenergy.com/rechargeable-battery/', 'https://climasenergy.com/comments/feed/', 'https://climasenergy.com/our-vision/closing-the-gap-blue-sky/', 'https://climasenergy.com/our-vision/hello-nigeria-makoko/', 'https://climasenergy.com/contact/', 'https://climasenergy.com/about/', 'https://climasenergy.com/contact/collaboration-and-invesore/', 'https://climasenergy.com/work-with-us-join-us/', 'https://climasenergy.com/our-solar-and-energy-solution/', 'https://climasenergy.com/ce-graphene/', 'https://climasenergy.com/our-vision/', 'https://climasenergy.com/faqs/', 'https://climasenergy.com/news/', 'https://climasenergy.com/contact/csr-strategy-and-kpi/', 'https://climasenergy.com/wallet/', 'https://climasenergy.com/our-solar-and-energy-solution/our-solar-solution/', 'https://climasenergy.com/careers/', 'https://climasenergy.com/our-vision/hello-kenya-kibera/', 'https://climasenergy.com/feed/', 'https://climasenergy.com/our-solar-and-energy-solution/keep-it-simple/', 'https://climasenergy.com/team/', 'https://climasenergy.com/eksempel-side/feed/', '//s.w.org', 'https://climasenergy.com/our-solar-and-energy-solution/european-solar-technology/', 'https://climasenergy.com/grid-net/', 'https://climasenergy.com/marketing-and-press/', 'https://climasenergy.com/emergency-aid/', 'https://climasenergy.com/exchange/', '//fonts.googleapis.com', 'https://climasenergy.com/opv-solar/', 'https://climasenergy.com/', 'https://climasenergy.com/ambassador-community/', 'https://climasenergy.com/business-solutions/']
INFO : 
Page: https://thebamandboo.com/
INFO : site language: en
INFO : List of subpages: ['/collections/home-care', '/products/hand-hydrating-bar', '/pages/terms-policies', '/products/the-bam-boo-tongue-cleaner', '/products/the-bam-boo-soap-bar-charcoal-pine', '/collections/shampoo-conditioner-bar', '/collections/oral-care-boxes', '/products/aluminum-tin', '/pages/satisfaction-guarantee', '/products/organic-cotton-bag', '/collections/accessories', '/products/the-bam-boo-cotton-buds', '/products/floral-cleansing-water', '/pages/about-us', '/collections/best-sellers', '/products/oral-care-for-three', '/products/interdental-brushes', '/products/the-bam-boo-dental-floss', 'https://thebamandboo.com/pages/all-products', '/products/oral-care-for-two', '/pages/retail', '/products/limited-edition-ukraine-toothbrush', '/cart', '/products/body-scrub', 'https://thebamandboo.com/pages/about-us', '/pages/contact-us', '/collections/hair-care', '/collections/packs', '/products/body-brush', '/products/the-bam-boo-e-gift-card', 'https://thebamandboo.com/blogs/the-bam-boo-blog/how-are-bamboo-toothbrushes-made', '/products/bamboo-toothbrush', '/pages/all-products', '/pages/sustainability', '/collections/oral-care', '/pages/rewards', 'https://thebamandboo.com/blogs/the-bam-boo-blog/natural-toothpaste-vs-commercial-toothpaste', '/collections/hand-care', 'https://thebamandboo.com/blogs/the-bam-boo-blog', '/collections/body-care', '/products/hand-sanitizer', '/products/the-bam-boo-straws', '/pages/reviews', '/products/reusable-cleaning-pads', '/products/hair-care-box', '/products/body-hydrating-cream', '/collections/lip-balm', '/collections/powder-face-masks', 'https://thebamandboo.com/pages/personal-care', '/products/the-bam-boo-conditioner-bar', '/products/facial-hydrating-cream', '/products/the-bam-boo-cotton-bag', '/collections/gift-packs', 'https://thebamandboo.com/collections/gift-packs', '/products/gift-pack-eco-starter', '/pages/subscribe-save', '/collections/personal-care', '/collections/toothpaste-tabs', '/collections/soap-bar', '/products/oral-care-for-one', '/checkout', '/products/the-bam-boo-travel-case', '/products/the-bam-boo-toothpaste', '/collections/care-boxes', '/products/body-hydrating-bar', '/products/facial-care-box', '/collections/value-packs', '/products/squeeze-key', '/collections/facial-care', '/blogs/the-bam-boo-blog', '/pages/portugal-2020', 'https://thebamandboo.com/', '/products/body-care-box', '/pages/faqs', '/products/jade-face-roller', '/collections/bundles', '/account/login', 'https://thebamandboo.com/pages/reviews', '/products/oral-care-for-four', '/products/dry-body-oil', '/products/facial-cleansing-bar', 'https://thebamandboo.com/blogs/the-bam-boo-blog/ecodesign-sustainable-products-for-a-sustainable-planet', '/products/the-bam-boo-toothbrush-stand']
INFO : 
Page: https://customiseme.dk/
INFO : site language: en
INFO : List of subpages: ['//i0.wp.com', 'https://customiseme.dk/my-account/', 'https://customiseme.dk/', 'https://customiseme.dk/product/wannabe-hipster/', 'https://customiseme.dk/cart/', 'https://customiseme.dk/comments/feed/', 'https://customiseme.dk/cookie-privacy-policy/', 'https://customiseme.dk/product/energizing-soap/', 'https://customiseme.dk/product/harmonising-soap/', 'https://customiseme.dk/about-us/', 'https://customiseme.dk/shop/', 'https://customiseme.dk/product/harmonizing-soap/', 'https://customiseme.dk/home/feed/', 'https://customiseme.dk/ingredients/', 'https://customiseme.dk/workshop/', 'https://customiseme.dk/feed/', 'https://customiseme.dk/product/strengthening-soap/', 'https://customiseme.dk/product/soap-0-1/', 'https://customiseme.dk/product/rosemary-christmas-tree/', '//s.w.org', 'https://customiseme.dk/product/your-soap/', '//c0.wp.com', 'https://customiseme.dk/contact/', 'https://customiseme.dk/product/patchouli-soap/', '//fonts.googleapis.com', '//stats.wp.com', 'https://customiseme.dk/product/calming-soap/']
INFO : 
Page: https://simreka.com/
INFO : site language: en
INFO : List of subpages: ['https://simreka.com/about-us/', 'https://simreka.com/simreka-press-release/', '//simreka.com/for-brands/', 'https://simreka.com/data-security-policy/', 'https://simreka.com/security-features/', 'https://simreka.com/contact/', '//simreka.com/contact/', 'https://simreka.com/', 'https://simreka.com/simreka-blog/', 'https://simreka.com/privacy-policy/', 'https://simreka.com/cloud-data-threat-analysis-simreka/', '//simreka.com/request-demo/', '//simreka.com/solution/', 'https://simreka.com/manufacturers/', 'https://simreka.com/on-premise-v-s-cloud-deployment/', 'https://simreka.com/for-brands/', 'https://simreka.com/work-with-us/', '//simreka.com/manufacturers']
